<?xml version="1.0" encoding="UTF-8"?>
<testsuite xmlns:xsi="http://www.w3.org/2001/XMLSchema-instance" xsi:noNamespaceSchemaLocation="https://maven.apache.org/surefire/maven-surefire-plugin/xsd/surefire-test-report-3.0.xsd" version="3.0" name="ste.w3.easywallet.ui.WalletCardControllerTest" time="14.74" tests="6" errors="6" skipped="0" failures="0">
  <properties>
[...]
</properties>
  <testcase name="show_ledger_dialog" classname="ste.w3.easywallet.ui.WalletCardControllerTest" time="10.913">
    <error message="Need to specify class name in environment or system property, or in an application resource file: java.naming.factory.initial" type="javax.naming.NoInitialContextException"><![CDATA[javax.naming.NoInitialContextException: Need to specify class name in environment or system property, or in an application resource file: java.naming.factory.initial
	at java.naming/javax.naming.spi.NamingManager.getInitialContext(NamingManager.java:704)
	at java.naming/javax.naming.InitialContext.getDefaultInitCtx(InitialContext.java:305)
	at java.naming/javax.naming.InitialContext.getURLOrDefaultInitCtx(InitialContext.java:342)
	at java.naming/javax.naming.InitialContext.createSubcontext(InitialContext.java:481)
	at ste.w3.easywallet.ui.WalletCardControllerTest.before(WalletCardControllerTest.java:66)
	at java.base/jdk.internal.reflect.DirectMethodHandleAccessor.invoke(DirectMethodHandleAccessor.java:104)
	at java.base/java.lang.reflect.Method.invoke(Method.java:578)
	at org.junit.runners.model.FrameworkMethod$1.runReflectiveCall(FrameworkMethod.java:59)
	at org.junit.internal.runners.model.ReflectiveCallable.run(ReflectiveCallable.java:12)
	at org.junit.runners.model.FrameworkMethod.invokeExplosively(FrameworkMethod.java:56)
	at org.junit.internal.runners.statements.RunBefores.invokeMethod(RunBefores.java:33)
	at org.junit.internal.runners.statements.RunBefores.evaluate(RunBefores.java:24)
	at org.junit.internal.runners.statements.RunAfters.evaluate(RunAfters.java:27)
	at org.junit.runners.ParentRunner$3.evaluate(ParentRunner.java:306)
	at org.junit.runners.BlockJUnit4ClassRunner$1.evaluate(BlockJUnit4ClassRunner.java:100)
	at org.junit.runners.ParentRunner.runLeaf(ParentRunner.java:366)
	at org.junit.runners.BlockJUnit4ClassRunner.runChild(BlockJUnit4ClassRunner.java:103)
	at org.junit.runners.BlockJUnit4ClassRunner.runChild(BlockJUnit4ClassRunner.java:63)
	at org.junit.runners.ParentRunner$4.run(ParentRunner.java:331)
	at org.apache.maven.surefire.junitcore.pc.Scheduler$1.run(Scheduler.java:398)
	at org.apache.maven.surefire.junitcore.pc.InvokerStrategy.schedule(InvokerStrategy.java:54)
	at org.apache.maven.surefire.junitcore.pc.Scheduler.schedule(Scheduler.java:355)
	at org.junit.runners.ParentRunner.runChildren(ParentRunner.java:329)
	at org.junit.runners.ParentRunner.access$100(ParentRunner.java:66)
	at org.junit.runners.ParentRunner$2.evaluate(ParentRunner.java:293)
	at org.junit.runners.ParentRunner$3.evaluate(ParentRunner.java:306)
	at org.junit.runners.ParentRunner.run(ParentRunner.java:413)
	at org.junit.runners.Suite.runChild(Suite.java:128)
	at org.junit.runners.Suite.runChild(Suite.java:27)
	at org.junit.runners.ParentRunner$4.run(ParentRunner.java:331)
	at org.apache.maven.surefire.junitcore.pc.Scheduler$1.run(Scheduler.java:398)
	at java.base/java.util.concurrent.Executors$RunnableAdapter.call(Executors.java:577)
	at java.base/java.util.concurrent.FutureTask.run(FutureTask.java:317)
	at java.base/java.util.concurrent.ThreadPoolExecutor.runWorker(ThreadPoolExecutor.java:1144)
	at java.base/java.util.concurrent.ThreadPoolExecutor$Worker.run(ThreadPoolExecutor.java:642)
	at java.base/java.lang.Thread.run(Thread.java:1589)
]]></error>
    <system-err><![CDATA[20230411 073845 WARNING javafx Unsupported JavaFX configuration: classes were loaded from 'unnamed module @5dbf48e3'
20230411 073853 INFO com.j256.ormlite.table.TableUtils dropping table 'TRANSACTIONS'
20230411 073855 INFO com.j256.ormlite.table.TableUtils ignoring drop error 'java.sql.SQLSyntaxErrorException: user lacks privilege or object not found: TRANSACTIONS in statement [DROP TABLE "TRANSACTIONS" ]' for statement: DROP TABLE "TRANSACTIONS" 
20230411 073855 INFO com.j256.ormlite.table.TableUtils creating table 'TRANSACTIONS'
20230411 073855 INFO com.j256.ormlite.table.TableUtils executed create table statement changed 0 rows: CREATE TABLE "TRANSACTIONS" ("hash" VARCHAR(64) , "from" VARCHAR(40) NOT NULL , "to" VARCHAR(40) NOT NULL , "amount" numeric(27,18) , "when" TIMESTAMP NOT NULL , "coin" VARCHAR(12) , PRIMARY KEY ("hash") ) 
20230411 073855 FINE com.j256.ormlite.stmt.mapped.BaseMappedStatement insert data with statement 'INSERT INTO "TRANSACTIONS" ("hash" ,"from" ,"to" ,"amount" ,"when" ,"coin" ) VALUES (?,?,?,?,?,?)' and 6 args, changed 1 rows
20230411 073855 FINEST com.j256.ormlite.stmt.mapped.BaseMappedStatement insert arguments: [hash000000001-32, 1234567890123456789012345678901234567837, 1312345678901234567890123456789012345678, 65.65, 2022-11-11 11:00:00.0, STORJ]
20230411 073855 FINE com.j256.ormlite.stmt.mapped.BaseMappedStatement insert data with statement 'INSERT INTO "TRANSACTIONS" ("hash" ,"from" ,"to" ,"amount" ,"when" ,"coin" ) VALUES (?,?,?,?,?,?)' and 6 args, changed 1 rows
20230411 073855 FINEST com.j256.ormlite.stmt.mapped.BaseMappedStatement insert arguments: [hash000000002-07, 1234567890123456789012345678901234567870, 1234567890123456789012345678901234567890, 3.03, 2022-11-14 11:00:00.0, GLM]
20230411 073855 FINE com.j256.ormlite.stmt.mapped.BaseMappedStatement insert data with statement 'INSERT INTO "TRANSACTIONS" ("hash" ,"from" ,"to" ,"amount" ,"when" ,"coin" ) VALUES (?,?,?,?,?,?)' and 6 args, changed 1 rows
20230411 073855 FINEST com.j256.ormlite.stmt.mapped.BaseMappedStatement insert arguments: [hash000000003-20, 1234567890123456789012345678901234567823, 0812345678901234567890123456789012345678, 82.82, 2022-11-02 11:00:00.0, ETH]
20230411 073855 FINE com.j256.ormlite.stmt.mapped.BaseMappedStatement insert data with statement 'INSERT INTO "TRANSACTIONS" ("hash" ,"from" ,"to" ,"amount" ,"when" ,"coin" ) VALUES (?,?,?,?,?,?)' and 6 args, changed 1 rows
20230411 073855 FINEST com.j256.ormlite.stmt.mapped.BaseMappedStatement insert arguments: [hash000000004-32, 1234567890123456789012345678901234567870, 1234567890123456789012345678901234567890, 96.96, 2022-11-05 11:00:00.0, STORJ]
20230411 073855 FINE com.j256.ormlite.stmt.mapped.BaseMappedStatement insert data with statement 'INSERT INTO "TRANSACTIONS" ("hash" ,"from" ,"to" ,"amount" ,"when" ,"coin" ) VALUES (?,?,?,?,?,?)' and 6 args, changed 1 rows
20230411 073855 FINEST com.j256.ormlite.stmt.mapped.BaseMappedStatement insert arguments: [hash000000005-59, 1234567890123456789012345678901234567896, 9912345678901234567890123456789012345678, 34.34, 2022-11-14 11:00:00.0, GLM]
20230411 073855 FINE com.j256.ormlite.stmt.mapped.BaseMappedStatement insert data with statement 'INSERT INTO "TRANSACTIONS" ("hash" ,"from" ,"to" ,"amount" ,"when" ,"coin" ) VALUES (?,?,?,?,?,?)' and 6 args, changed 1 rows
20230411 073855 FINEST com.j256.ormlite.stmt.mapped.BaseMappedStatement insert arguments: [hash000000006-05, 1234567890123456789012345678901234567871, 1234567890123456789012345678901234567890, 6.06, 2022-11-01 11:00:00.0, ETH]
20230411 073855 FINE com.j256.ormlite.stmt.mapped.BaseMappedStatement insert data with statement 'INSERT INTO "TRANSACTIONS" ("hash" ,"from" ,"to" ,"amount" ,"when" ,"coin" ) VALUES (?,?,?,?,?,?)' and 6 args, changed 1 rows
20230411 073855 FINEST com.j256.ormlite.stmt.mapped.BaseMappedStatement insert arguments: [hash000000007-24, 1234567890123456789012345678901234567847, 7212345678901234567890123456789012345678, 88.88, 2022-11-20 11:00:00.0, STORJ]
20230411 073855 FINE com.j256.ormlite.stmt.mapped.BaseMappedStatement insert data with statement 'INSERT INTO "TRANSACTIONS" ("hash" ,"from" ,"to" ,"amount" ,"when" ,"coin" ) VALUES (?,?,?,?,?,?)' and 6 args, changed 1 rows
20230411 073855 FINEST com.j256.ormlite.stmt.mapped.BaseMappedStatement insert arguments: [hash000000008-12, 1234567890123456789012345678901234567832, 1234567890123456789012345678901234567890, 87.87, 2022-11-20 11:00:00.0, GLM]
20230411 073855 FINE com.j256.ormlite.stmt.mapped.BaseMappedStatement insert data with statement 'INSERT INTO "TRANSACTIONS" ("hash" ,"from" ,"to" ,"amount" ,"when" ,"coin" ) VALUES (?,?,?,?,?,?)' and 6 args, changed 1 rows
20230411 073855 FINEST com.j256.ormlite.stmt.mapped.BaseMappedStatement insert arguments: [hash000000009-75, 1234567890123456789012345678901234567822, 8612345678901234567890123456789012345678, 60.60, 2022-11-15 11:00:00.0, ETH]
20230411 073855 FINE com.j256.ormlite.stmt.mapped.BaseMappedStatement insert data with statement 'INSERT INTO "TRANSACTIONS" ("hash" ,"from" ,"to" ,"amount" ,"when" ,"coin" ) VALUES (?,?,?,?,?,?)' and 6 args, changed 1 rows
20230411 073855 FINEST com.j256.ormlite.stmt.mapped.BaseMappedStatement insert arguments: [hash000000010-24, 1234567890123456789012345678901234567809, 1234567890123456789012345678901234567890, 95.95, 2022-11-05 11:00:00.0, STORJ]
20230411 073855 FINE com.j256.ormlite.stmt.mapped.BaseMappedStatement insert data with statement 'INSERT INTO "TRANSACTIONS" ("hash" ,"from" ,"to" ,"amount" ,"when" ,"coin" ) VALUES (?,?,?,?,?,?)' and 6 args, changed 1 rows
20230411 073855 FINEST com.j256.ormlite.stmt.mapped.BaseMappedStatement insert arguments: [hash000000011-12, 1234567890123456789012345678901234567836, 5512345678901234567890123456789012345678, 57.57, 2022-11-06 11:00:00.0, GLM]
20230411 073855 FINE com.j256.ormlite.stmt.mapped.BaseMappedStatement insert data with statement 'INSERT INTO "TRANSACTIONS" ("hash" ,"from" ,"to" ,"amount" ,"when" ,"coin" ) VALUES (?,?,?,?,?,?)' and 6 args, changed 1 rows
20230411 073855 FINEST com.j256.ormlite.stmt.mapped.BaseMappedStatement insert arguments: [hash000000012-10, 1234567890123456789012345678901234567885, 1234567890123456789012345678901234567890, 69.69, 2022-11-10 11:00:00.0, ETH]
20230411 073855 FINE com.j256.ormlite.stmt.mapped.BaseMappedStatement insert data with statement 'INSERT INTO "TRANSACTIONS" ("hash" ,"from" ,"to" ,"amount" ,"when" ,"coin" ) VALUES (?,?,?,?,?,?)' and 6 args, changed 1 rows
20230411 073855 FINEST com.j256.ormlite.stmt.mapped.BaseMappedStatement insert arguments: [hash000000013-59, 1234567890123456789012345678901234567806, 9512345678901234567890123456789012345678, 90.90, 2022-11-16 11:00:00.0, STORJ]
20230411 073855 FINE com.j256.ormlite.stmt.mapped.BaseMappedStatement insert data with statement 'INSERT INTO "TRANSACTIONS" ("hash" ,"from" ,"to" ,"amount" ,"when" ,"coin" ) VALUES (?,?,?,?,?,?)' and 6 args, changed 1 rows
20230411 073855 FINEST com.j256.ormlite.stmt.mapped.BaseMappedStatement insert arguments: [hash000000014-27, 1234567890123456789012345678901234567847, 1234567890123456789012345678901234567890, 63.63, 2022-11-16 11:00:00.0, GLM]
20230411 073855 FINE com.j256.ormlite.stmt.mapped.BaseMappedStatement insert data with statement 'INSERT INTO "TRANSACTIONS" ("hash" ,"from" ,"to" ,"amount" ,"when" ,"coin" ) VALUES (?,?,?,?,?,?)' and 6 args, changed 1 rows
20230411 073855 FINEST com.j256.ormlite.stmt.mapped.BaseMappedStatement insert arguments: [hash000000015-18, 1234567890123456789012345678901234567882, 4312345678901234567890123456789012345678, 62.62, 2022-11-13 11:00:00.0, ETH]
20230411 073855 FINE com.j256.ormlite.stmt.mapped.BaseMappedStatement insert data with statement 'INSERT INTO "TRANSACTIONS" ("hash" ,"from" ,"to" ,"amount" ,"when" ,"coin" ) VALUES (?,?,?,?,?,?)' and 6 args, changed 1 rows
20230411 073855 FINEST com.j256.ormlite.stmt.mapped.BaseMappedStatement insert arguments: [hash000000016-43, 1234567890123456789012345678901234567809, 1234567890123456789012345678901234567890, 28.28, 2022-11-12 11:00:00.0, STORJ]
20230411 073855 FINE com.j256.ormlite.stmt.mapped.BaseMappedStatement insert data with statement 'INSERT INTO "TRANSACTIONS" ("hash" ,"from" ,"to" ,"amount" ,"when" ,"coin" ) VALUES (?,?,?,?,?,?)' and 6 args, changed 1 rows
20230411 073855 FINEST com.j256.ormlite.stmt.mapped.BaseMappedStatement insert arguments: [hash000000017-55, 1234567890123456789012345678901234567879, 7912345678901234567890123456789012345678, 82.82, 2022-11-17 11:00:00.0, GLM]
20230411 073855 FINE com.j256.ormlite.stmt.mapped.BaseMappedStatement insert data with statement 'INSERT INTO "TRANSACTIONS" ("hash" ,"from" ,"to" ,"amount" ,"when" ,"coin" ) VALUES (?,?,?,?,?,?)' and 6 args, changed 1 rows
20230411 073855 FINEST com.j256.ormlite.stmt.mapped.BaseMappedStatement insert arguments: [hash000000018-64, 1234567890123456789012345678901234567862, 1234567890123456789012345678901234567890, 34.34, 2022-11-01 11:00:00.0, ETH]
20230411 073855 FINE com.j256.ormlite.stmt.mapped.BaseMappedStatement insert data with statement 'INSERT INTO "TRANSACTIONS" ("hash" ,"from" ,"to" ,"amount" ,"when" ,"coin" ) VALUES (?,?,?,?,?,?)' and 6 args, changed 1 rows
20230411 073855 FINEST com.j256.ormlite.stmt.mapped.BaseMappedStatement insert arguments: [hash000000019-79, 1234567890123456789012345678901234567860, 2212345678901234567890123456789012345678, 90.90, 2022-11-13 11:00:00.0, STORJ]
20230411 073855 FINE com.j256.ormlite.stmt.mapped.BaseMappedStatement insert data with statement 'INSERT INTO "TRANSACTIONS" ("hash" ,"from" ,"to" ,"amount" ,"when" ,"coin" ) VALUES (?,?,?,?,?,?)' and 6 args, changed 1 rows
20230411 073855 FINEST com.j256.ormlite.stmt.mapped.BaseMappedStatement insert arguments: [hash000000020-36, 1234567890123456789012345678901234567811, 1234567890123456789012345678901234567890, 11.11, 2022-11-07 11:00:00.0, GLM]
20230411 073855 FINE com.j256.ormlite.stmt.mapped.BaseMappedStatement insert data with statement 'INSERT INTO "TRANSACTIONS" ("hash" ,"from" ,"to" ,"amount" ,"when" ,"coin" ) VALUES (?,?,?,?,?,?)' and 6 args, changed 1 rows
20230411 073855 FINEST com.j256.ormlite.stmt.mapped.BaseMappedStatement insert arguments: [hash000000021-20, 1234567890123456789012345678901234567871, 7112345678901234567890123456789012345678, 88.88, 2022-11-04 11:00:00.0, ETH]
20230411 073855 FINE com.j256.ormlite.stmt.mapped.BaseMappedStatement insert data with statement 'INSERT INTO "TRANSACTIONS" ("hash" ,"from" ,"to" ,"amount" ,"when" ,"coin" ) VALUES (?,?,?,?,?,?)' and 6 args, changed 1 rows
20230411 073855 FINEST com.j256.ormlite.stmt.mapped.BaseMappedStatement insert arguments: [hash000000022-16, 1234567890123456789012345678901234567884, 1234567890123456789012345678901234567890, 63.63, 2022-11-02 11:00:00.0, STORJ]
20230411 073855 FINE com.j256.ormlite.stmt.mapped.BaseMappedStatement insert data with statement 'INSERT INTO "TRANSACTIONS" ("hash" ,"from" ,"to" ,"amount" ,"when" ,"coin" ) VALUES (?,?,?,?,?,?)' and 6 args, changed 1 rows
20230411 073855 FINEST com.j256.ormlite.stmt.mapped.BaseMappedStatement insert arguments: [hash000000023-44, 1234567890123456789012345678901234567840, 8312345678901234567890123456789012345678, 90.90, 2022-11-16 11:00:00.0, GLM]
20230411 073855 FINE com.j256.ormlite.stmt.mapped.BaseMappedStatement insert data with statement 'INSERT INTO "TRANSACTIONS" ("hash" ,"from" ,"to" ,"amount" ,"when" ,"coin" ) VALUES (?,?,?,?,?,?)' and 6 args, changed 1 rows
20230411 073855 FINEST com.j256.ormlite.stmt.mapped.BaseMappedStatement insert arguments: [hash000000024-72, 1234567890123456789012345678901234567828, 1234567890123456789012345678901234567890, 95.95, 2022-11-18 11:00:00.0, ETH]
20230411 073855 FINE com.j256.ormlite.stmt.mapped.BaseMappedStatement insert data with statement 'INSERT INTO "TRANSACTIONS" ("hash" ,"from" ,"to" ,"amount" ,"when" ,"coin" ) VALUES (?,?,?,?,?,?)' and 6 args, changed 1 rows
20230411 073855 FINEST com.j256.ormlite.stmt.mapped.BaseMappedStatement insert arguments: [hash000000025-17, 1234567890123456789012345678901234567888, 6712345678901234567890123456789012345678, 81.81, 2022-11-06 11:00:00.0, STORJ]
20230411 073855 FINE com.j256.ormlite.stmt.mapped.BaseMappedStatement insert data with statement 'INSERT INTO "TRANSACTIONS" ("hash" ,"from" ,"to" ,"amount" ,"when" ,"coin" ) VALUES (?,?,?,?,?,?)' and 6 args, changed 1 rows
20230411 073855 FINEST com.j256.ormlite.stmt.mapped.BaseMappedStatement insert arguments: [hash000000026-08, 1234567890123456789012345678901234567807, 1234567890123456789012345678901234567890, 33.33, 2022-11-13 11:00:00.0, GLM]
20230411 073855 FINE com.j256.ormlite.stmt.mapped.BaseMappedStatement insert data with statement 'INSERT INTO "TRANSACTIONS" ("hash" ,"from" ,"to" ,"amount" ,"when" ,"coin" ) VALUES (?,?,?,?,?,?)' and 6 args, changed 1 rows
20230411 073855 FINEST com.j256.ormlite.stmt.mapped.BaseMappedStatement insert arguments: [hash000000027-02, 1234567890123456789012345678901234567846, 2412345678901234567890123456789012345678, 57.57, 2022-11-09 11:00:00.0, ETH]
20230411 073855 FINE com.j256.ormlite.stmt.mapped.BaseMappedStatement insert data with statement 'INSERT INTO "TRANSACTIONS" ("hash" ,"from" ,"to" ,"amount" ,"when" ,"coin" ) VALUES (?,?,?,?,?,?)' and 6 args, changed 1 rows
20230411 073855 FINEST com.j256.ormlite.stmt.mapped.BaseMappedStatement insert arguments: [hash000000028-22, 1234567890123456789012345678901234567857, 1234567890123456789012345678901234567890, 62.62, 2022-11-11 11:00:00.0, STORJ]
20230411 073855 FINE com.j256.ormlite.stmt.mapped.BaseMappedStatement insert data with statement 'INSERT INTO "TRANSACTIONS" ("hash" ,"from" ,"to" ,"amount" ,"when" ,"coin" ) VALUES (?,?,?,?,?,?)' and 6 args, changed 1 rows
20230411 073855 FINEST com.j256.ormlite.stmt.mapped.BaseMappedStatement insert arguments: [hash000000029-29, 1234567890123456789012345678901234567817, 3912345678901234567890123456789012345678, 69.69, 2022-11-08 11:00:00.0, GLM]
20230411 073855 FINE com.j256.ormlite.stmt.mapped.BaseMappedStatement insert data with statement 'INSERT INTO "TRANSACTIONS" ("hash" ,"from" ,"to" ,"amount" ,"when" ,"coin" ) VALUES (?,?,?,?,?,?)' and 6 args, changed 1 rows
20230411 073855 FINEST com.j256.ormlite.stmt.mapped.BaseMappedStatement insert arguments: [hash000000030-61, 1234567890123456789012345678901234567805, 1234567890123456789012345678901234567890, 92.92, 2022-11-03 11:00:00.0, ETH]
20230411 073855 FINE com.j256.ormlite.stmt.mapped.BaseMappedStatement insert data with statement 'INSERT INTO "TRANSACTIONS" ("hash" ,"from" ,"to" ,"amount" ,"when" ,"coin" ) VALUES (?,?,?,?,?,?)' and 6 args, changed 1 rows
20230411 073855 FINEST com.j256.ormlite.stmt.mapped.BaseMappedStatement insert arguments: [hash000000031-45, 1234567890123456789012345678901234567859, 5712345678901234567890123456789012345678, 13.13, 2022-11-20 11:00:00.0, STORJ]
20230411 073855 FINE com.j256.ormlite.stmt.mapped.BaseMappedStatement insert data with statement 'INSERT INTO "TRANSACTIONS" ("hash" ,"from" ,"to" ,"amount" ,"when" ,"coin" ) VALUES (?,?,?,?,?,?)' and 6 args, changed 1 rows
20230411 073855 FINEST com.j256.ormlite.stmt.mapped.BaseMappedStatement insert arguments: [hash000000032-64, 1234567890123456789012345678901234567822, 1234567890123456789012345678901234567890, 31.31, 2022-11-16 11:00:00.0, GLM]
20230411 073855 FINE com.j256.ormlite.stmt.mapped.BaseMappedStatement insert data with statement 'INSERT INTO "TRANSACTIONS" ("hash" ,"from" ,"to" ,"amount" ,"when" ,"coin" ) VALUES (?,?,?,?,?,?)' and 6 args, changed 1 rows
20230411 073855 FINEST com.j256.ormlite.stmt.mapped.BaseMappedStatement insert arguments: [hash000000033-10, 1234567890123456789012345678901234567852, 2212345678901234567890123456789012345678, 64.64, 2022-11-15 11:00:00.0, ETH]
20230411 073855 FINE com.j256.ormlite.stmt.mapped.BaseMappedStatement insert data with statement 'INSERT INTO "TRANSACTIONS" ("hash" ,"from" ,"to" ,"amount" ,"when" ,"coin" ) VALUES (?,?,?,?,?,?)' and 6 args, changed 1 rows
20230411 073855 FINEST com.j256.ormlite.stmt.mapped.BaseMappedStatement insert arguments: [hash000000034-11, 1234567890123456789012345678901234567805, 1234567890123456789012345678901234567890, 46.46, 2022-11-04 11:00:00.0, STORJ]
20230411 073855 FINE com.j256.ormlite.stmt.mapped.BaseMappedStatement insert data with statement 'INSERT INTO "TRANSACTIONS" ("hash" ,"from" ,"to" ,"amount" ,"when" ,"coin" ) VALUES (?,?,?,?,?,?)' and 6 args, changed 1 rows
20230411 073855 FINEST com.j256.ormlite.stmt.mapped.BaseMappedStatement insert arguments: [hash000000035-48, 1234567890123456789012345678901234567894, 5112345678901234567890123456789012345678, 14.14, 2022-11-19 11:00:00.0, GLM]
20230411 073855 FINE com.j256.ormlite.stmt.mapped.BaseMappedStatement insert data with statement 'INSERT INTO "TRANSACTIONS" ("hash" ,"from" ,"to" ,"amount" ,"when" ,"coin" ) VALUES (?,?,?,?,?,?)' and 6 args, changed 1 rows
20230411 073855 FINEST com.j256.ormlite.stmt.mapped.BaseMappedStatement insert arguments: [hash000000036-25, 1234567890123456789012345678901234567809, 1234567890123456789012345678901234567890, 58.58, 2022-11-10 11:00:00.0, ETH]
20230411 073855 FINE com.j256.ormlite.stmt.mapped.BaseMappedStatement insert data with statement 'INSERT INTO "TRANSACTIONS" ("hash" ,"from" ,"to" ,"amount" ,"when" ,"coin" ) VALUES (?,?,?,?,?,?)' and 6 args, changed 1 rows
20230411 073855 FINEST com.j256.ormlite.stmt.mapped.BaseMappedStatement insert arguments: [hash000000037-46, 1234567890123456789012345678901234567847, 7512345678901234567890123456789012345678, 91.91, 2022-11-17 11:00:00.0, STORJ]
20230411 073855 FINE com.j256.ormlite.stmt.mapped.BaseMappedStatement insert data with statement 'INSERT INTO "TRANSACTIONS" ("hash" ,"from" ,"to" ,"amount" ,"when" ,"coin" ) VALUES (?,?,?,?,?,?)' and 6 args, changed 1 rows
20230411 073855 FINEST com.j256.ormlite.stmt.mapped.BaseMappedStatement insert arguments: [hash000000038-10, 1234567890123456789012345678901234567867, 1234567890123456789012345678901234567890, 91.91, 2022-11-12 11:00:00.0, GLM]
20230411 073855 FINE com.j256.ormlite.stmt.mapped.BaseMappedStatement insert data with statement 'INSERT INTO "TRANSACTIONS" ("hash" ,"from" ,"to" ,"amount" ,"when" ,"coin" ) VALUES (?,?,?,?,?,?)' and 6 args, changed 1 rows
20230411 073855 FINEST com.j256.ormlite.stmt.mapped.BaseMappedStatement insert arguments: [hash000000039-44, 1234567890123456789012345678901234567891, 8112345678901234567890123456789012345678, 72.72, 2022-11-14 11:00:00.0, ETH]
20230411 073855 FINE com.j256.ormlite.stmt.mapped.BaseMappedStatement insert data with statement 'INSERT INTO "TRANSACTIONS" ("hash" ,"from" ,"to" ,"amount" ,"when" ,"coin" ) VALUES (?,?,?,?,?,?)' and 6 args, changed 1 rows
20230411 073855 FINEST com.j256.ormlite.stmt.mapped.BaseMappedStatement insert arguments: [hash000000040-10, 1234567890123456789012345678901234567837, 1234567890123456789012345678901234567890, 85.85, 2022-11-12 11:00:00.0, STORJ]
20230411 073855 FINE com.j256.ormlite.stmt.mapped.BaseMappedStatement insert data with statement 'INSERT INTO "TRANSACTIONS" ("hash" ,"from" ,"to" ,"amount" ,"when" ,"coin" ) VALUES (?,?,?,?,?,?)' and 6 args, changed 1 rows
20230411 073855 FINEST com.j256.ormlite.stmt.mapped.BaseMappedStatement insert arguments: [hash000000041-22, 1234567890123456789012345678901234567881, 4612345678901234567890123456789012345678, 56.56, 2022-11-01 11:00:00.0, GLM]
20230411 073855 FINE com.j256.ormlite.stmt.mapped.BaseMappedStatement insert data with statement 'INSERT INTO "TRANSACTIONS" ("hash" ,"from" ,"to" ,"amount" ,"when" ,"coin" ) VALUES (?,?,?,?,?,?)' and 6 args, changed 1 rows
20230411 073855 FINEST com.j256.ormlite.stmt.mapped.BaseMappedStatement insert arguments: [hash000000042-43, 1234567890123456789012345678901234567839, 1234567890123456789012345678901234567890, 56.56, 2022-11-19 11:00:00.0, ETH]
20230411 073855 FINE com.j256.ormlite.stmt.mapped.BaseMappedStatement insert data with statement 'INSERT INTO "TRANSACTIONS" ("hash" ,"from" ,"to" ,"amount" ,"when" ,"coin" ) VALUES (?,?,?,?,?,?)' and 6 args, changed 1 rows
20230411 073855 FINEST com.j256.ormlite.stmt.mapped.BaseMappedStatement insert arguments: [hash000000043-09, 1234567890123456789012345678901234567862, 6712345678901234567890123456789012345678, 54.54, 2022-11-04 11:00:00.0, STORJ]
20230411 073855 FINE com.j256.ormlite.stmt.mapped.BaseMappedStatement insert data with statement 'INSERT INTO "TRANSACTIONS" ("hash" ,"from" ,"to" ,"amount" ,"when" ,"coin" ) VALUES (?,?,?,?,?,?)' and 6 args, changed 1 rows
20230411 073855 FINEST com.j256.ormlite.stmt.mapped.BaseMappedStatement insert arguments: [hash000000044-21, 1234567890123456789012345678901234567849, 1234567890123456789012345678901234567890, 31.31, 2022-11-08 11:00:00.0, GLM]
20230411 073855 FINE com.j256.ormlite.stmt.mapped.BaseMappedStatement insert data with statement 'INSERT INTO "TRANSACTIONS" ("hash" ,"from" ,"to" ,"amount" ,"when" ,"coin" ) VALUES (?,?,?,?,?,?)' and 6 args, changed 1 rows
20230411 073855 FINEST com.j256.ormlite.stmt.mapped.BaseMappedStatement insert arguments: [hash000000045-51, 1234567890123456789012345678901234567892, 2612345678901234567890123456789012345678, 75.75, 2022-11-20 11:00:00.0, ETH]
20230411 073855 FINE com.j256.ormlite.stmt.mapped.BaseMappedStatement insert data with statement 'INSERT INTO "TRANSACTIONS" ("hash" ,"from" ,"to" ,"amount" ,"when" ,"coin" ) VALUES (?,?,?,?,?,?)' and 6 args, changed 1 rows
20230411 073855 FINEST com.j256.ormlite.stmt.mapped.BaseMappedStatement insert arguments: [hash000000046-21, 1234567890123456789012345678901234567857, 1234567890123456789012345678901234567890, 16.16, 2022-11-05 11:00:00.0, STORJ]
20230411 073855 FINE com.j256.ormlite.stmt.mapped.BaseMappedStatement insert data with statement 'INSERT INTO "TRANSACTIONS" ("hash" ,"from" ,"to" ,"amount" ,"when" ,"coin" ) VALUES (?,?,?,?,?,?)' and 6 args, changed 1 rows
20230411 073855 FINEST com.j256.ormlite.stmt.mapped.BaseMappedStatement insert arguments: [hash000000047-31, 1234567890123456789012345678901234567885, 9812345678901234567890123456789012345678, 91.91, 2022-11-03 11:00:00.0, GLM]
20230411 073855 FINE com.j256.ormlite.stmt.mapped.BaseMappedStatement insert data with statement 'INSERT INTO "TRANSACTIONS" ("hash" ,"from" ,"to" ,"amount" ,"when" ,"coin" ) VALUES (?,?,?,?,?,?)' and 6 args, changed 1 rows
20230411 073855 FINEST com.j256.ormlite.stmt.mapped.BaseMappedStatement insert arguments: [hash000000048-03, 1234567890123456789012345678901234567853, 1234567890123456789012345678901234567890, 17.17, 2022-11-04 11:00:00.0, ETH]
20230411 073855 FINE com.j256.ormlite.stmt.mapped.BaseMappedStatement insert data with statement 'INSERT INTO "TRANSACTIONS" ("hash" ,"from" ,"to" ,"amount" ,"when" ,"coin" ) VALUES (?,?,?,?,?,?)' and 6 args, changed 1 rows
20230411 073855 FINEST com.j256.ormlite.stmt.mapped.BaseMappedStatement insert arguments: [hash000000049-01, 1234567890123456789012345678901234567841, 5812345678901234567890123456789012345678, 36.36, 2022-11-15 11:00:00.0, STORJ]
20230411 073855 FINE com.j256.ormlite.stmt.mapped.BaseMappedStatement insert data with statement 'INSERT INTO "TRANSACTIONS" ("hash" ,"from" ,"to" ,"amount" ,"when" ,"coin" ) VALUES (?,?,?,?,?,?)' and 6 args, changed 1 rows
20230411 073855 FINEST com.j256.ormlite.stmt.mapped.BaseMappedStatement insert arguments: [hash000000050-71, 1234567890123456789012345678901234567810, 1234567890123456789012345678901234567890, 41.41, 2022-11-18 11:00:00.0, GLM]
20230411 073855 FINE com.j256.ormlite.stmt.mapped.BaseMappedStatement insert data with statement 'INSERT INTO "TRANSACTIONS" ("hash" ,"from" ,"to" ,"amount" ,"when" ,"coin" ) VALUES (?,?,?,?,?,?)' and 6 args, changed 1 rows
20230411 073855 FINEST com.j256.ormlite.stmt.mapped.BaseMappedStatement insert arguments: [hash000000051-24, 1234567890123456789012345678901234567817, 5412345678901234567890123456789012345678, 16.16, 2022-11-16 11:00:00.0, ETH]
20230411 073855 FINE com.j256.ormlite.stmt.mapped.BaseMappedStatement insert data with statement 'INSERT INTO "TRANSACTIONS" ("hash" ,"from" ,"to" ,"amount" ,"when" ,"coin" ) VALUES (?,?,?,?,?,?)' and 6 args, changed 1 rows
20230411 073855 FINEST com.j256.ormlite.stmt.mapped.BaseMappedStatement insert arguments: [hash000000052-07, 1234567890123456789012345678901234567872, 1234567890123456789012345678901234567890, 56.56, 2022-11-04 11:00:00.0, STORJ]
20230411 073855 FINE com.j256.ormlite.stmt.mapped.BaseMappedStatement insert data with statement 'INSERT INTO "TRANSACTIONS" ("hash" ,"from" ,"to" ,"amount" ,"when" ,"coin" ) VALUES (?,?,?,?,?,?)' and 6 args, changed 1 rows
20230411 073855 FINEST com.j256.ormlite.stmt.mapped.BaseMappedStatement insert arguments: [hash000000053-08, 1234567890123456789012345678901234567859, 9212345678901234567890123456789012345678, 15.15, 2022-11-09 11:00:00.0, GLM]
20230411 073855 FINE com.j256.ormlite.stmt.mapped.BaseMappedStatement insert data with statement 'INSERT INTO "TRANSACTIONS" ("hash" ,"from" ,"to" ,"amount" ,"when" ,"coin" ) VALUES (?,?,?,?,?,?)' and 6 args, changed 1 rows
20230411 073855 FINEST com.j256.ormlite.stmt.mapped.BaseMappedStatement insert arguments: [hash000000054-49, 1234567890123456789012345678901234567882, 1234567890123456789012345678901234567890, 83.83, 2022-11-15 11:00:00.0, ETH]
20230411 073855 FINE com.j256.ormlite.stmt.mapped.BaseMappedStatement insert data with statement 'INSERT INTO "TRANSACTIONS" ("hash" ,"from" ,"to" ,"amount" ,"when" ,"coin" ) VALUES (?,?,?,?,?,?)' and 6 args, changed 1 rows
20230411 073855 FINEST com.j256.ormlite.stmt.mapped.BaseMappedStatement insert arguments: [hash000000055-62, 1234567890123456789012345678901234567888, 1912345678901234567890123456789012345678, 70.70, 2022-11-09 11:00:00.0, STORJ]
20230411 073855 FINE com.j256.ormlite.stmt.mapped.BaseMappedStatement insert data with statement 'INSERT INTO "TRANSACTIONS" ("hash" ,"from" ,"to" ,"amount" ,"when" ,"coin" ) VALUES (?,?,?,?,?,?)' and 6 args, changed 1 rows
20230411 073855 FINEST com.j256.ormlite.stmt.mapped.BaseMappedStatement insert arguments: [hash000000056-54, 1234567890123456789012345678901234567807, 1234567890123456789012345678901234567890, 27.27, 2022-11-15 11:00:00.0, GLM]
20230411 073855 FINE com.j256.ormlite.stmt.mapped.BaseMappedStatement insert data with statement 'INSERT INTO "TRANSACTIONS" ("hash" ,"from" ,"to" ,"amount" ,"when" ,"coin" ) VALUES (?,?,?,?,?,?)' and 6 args, changed 1 rows
20230411 073855 FINEST com.j256.ormlite.stmt.mapped.BaseMappedStatement insert arguments: [hash000000057-64, 1234567890123456789012345678901234567847, 7012345678901234567890123456789012345678, 63.63, 2022-11-12 11:00:00.0, ETH]
20230411 073855 FINE com.j256.ormlite.stmt.mapped.BaseMappedStatement insert data with statement 'INSERT INTO "TRANSACTIONS" ("hash" ,"from" ,"to" ,"amount" ,"when" ,"coin" ) VALUES (?,?,?,?,?,?)' and 6 args, changed 1 rows
20230411 073855 FINEST com.j256.ormlite.stmt.mapped.BaseMappedStatement insert arguments: [hash000000058-04, 1234567890123456789012345678901234567841, 1234567890123456789012345678901234567890, 17.17, 2022-11-01 11:00:00.0, STORJ]
20230411 073855 FINE com.j256.ormlite.stmt.mapped.BaseMappedStatement insert data with statement 'INSERT INTO "TRANSACTIONS" ("hash" ,"from" ,"to" ,"amount" ,"when" ,"coin" ) VALUES (?,?,?,?,?,?)' and 6 args, changed 1 rows
20230411 073855 FINEST com.j256.ormlite.stmt.mapped.BaseMappedStatement insert arguments: [hash000000059-48, 1234567890123456789012345678901234567890, 6612345678901234567890123456789012345678, 47.47, 2022-11-05 11:00:00.0, GLM]
20230411 073855 FINE com.j256.ormlite.stmt.mapped.BaseMappedStatement insert data with statement 'INSERT INTO "TRANSACTIONS" ("hash" ,"from" ,"to" ,"amount" ,"when" ,"coin" ) VALUES (?,?,?,?,?,?)' and 6 args, changed 1 rows
20230411 073855 FINEST com.j256.ormlite.stmt.mapped.BaseMappedStatement insert arguments: [hash000000060-13, 1234567890123456789012345678901234567890, 1234567890123456789012345678901234567890, 13.13, 2022-11-09 11:00:00.0, ETH]
20230411 073855 FINE com.j256.ormlite.stmt.mapped.BaseMappedStatement insert data with statement 'INSERT INTO "TRANSACTIONS" ("hash" ,"from" ,"to" ,"amount" ,"when" ,"coin" ) VALUES (?,?,?,?,?,?)' and 6 args, changed 1 rows
20230411 073855 FINEST com.j256.ormlite.stmt.mapped.BaseMappedStatement insert arguments: [hash000000061-36, 1234567890123456789012345678901234567811, 1512345678901234567890123456789012345678, 55.55, 2022-11-14 11:00:00.0, STORJ]
20230411 073855 FINE com.j256.ormlite.stmt.mapped.BaseMappedStatement insert data with statement 'INSERT INTO "TRANSACTIONS" ("hash" ,"from" ,"to" ,"amount" ,"when" ,"coin" ) VALUES (?,?,?,?,?,?)' and 6 args, changed 1 rows
20230411 073855 FINEST com.j256.ormlite.stmt.mapped.BaseMappedStatement insert arguments: [hash000000062-42, 1234567890123456789012345678901234567829, 1234567890123456789012345678901234567890, 97.97, 2022-11-10 11:00:00.0, GLM]
20230411 073855 FINE com.j256.ormlite.stmt.mapped.BaseMappedStatement insert data with statement 'INSERT INTO "TRANSACTIONS" ("hash" ,"from" ,"to" ,"amount" ,"when" ,"coin" ) VALUES (?,?,?,?,?,?)' and 6 args, changed 1 rows
20230411 073855 FINEST com.j256.ormlite.stmt.mapped.BaseMappedStatement insert arguments: [hash000000063-68, 1234567890123456789012345678901234567871, 8412345678901234567890123456789012345678, 36.36, 2022-11-09 11:00:00.0, ETH]
]]></system-err>
  </testcase>
  <testcase name="onDelete_when_delete_button_is_pressed" classname="ste.w3.easywallet.ui.WalletCardControllerTest" time="0.904">
    <error message="Need to specify class name in environment or system property, or in an application resource file: java.naming.factory.initial" type="javax.naming.NoInitialContextException"><![CDATA[javax.naming.NoInitialContextException: Need to specify class name in environment or system property, or in an application resource file: java.naming.factory.initial
	at java.naming/javax.naming.spi.NamingManager.getInitialContext(NamingManager.java:704)
	at java.naming/javax.naming.InitialContext.getDefaultInitCtx(InitialContext.java:305)
	at java.naming/javax.naming.InitialContext.getURLOrDefaultInitCtx(InitialContext.java:342)
	at java.naming/javax.naming.InitialContext.createSubcontext(InitialContext.java:481)
	at ste.w3.easywallet.ui.WalletCardControllerTest.before(WalletCardControllerTest.java:66)
	at java.base/jdk.internal.reflect.DirectMethodHandleAccessor.invoke(DirectMethodHandleAccessor.java:104)
	at java.base/java.lang.reflect.Method.invoke(Method.java:578)
	at org.junit.runners.model.FrameworkMethod$1.runReflectiveCall(FrameworkMethod.java:59)
	at org.junit.internal.runners.model.ReflectiveCallable.run(ReflectiveCallable.java:12)
	at org.junit.runners.model.FrameworkMethod.invokeExplosively(FrameworkMethod.java:56)
	at org.junit.internal.runners.statements.RunBefores.invokeMethod(RunBefores.java:33)
	at org.junit.internal.runners.statements.RunBefores.evaluate(RunBefores.java:24)
	at org.junit.internal.runners.statements.RunAfters.evaluate(RunAfters.java:27)
	at org.junit.runners.ParentRunner$3.evaluate(ParentRunner.java:306)
	at org.junit.runners.BlockJUnit4ClassRunner$1.evaluate(BlockJUnit4ClassRunner.java:100)
	at org.junit.runners.ParentRunner.runLeaf(ParentRunner.java:366)
	at org.junit.runners.BlockJUnit4ClassRunner.runChild(BlockJUnit4ClassRunner.java:103)
	at org.junit.runners.BlockJUnit4ClassRunner.runChild(BlockJUnit4ClassRunner.java:63)
	at org.junit.runners.ParentRunner$4.run(ParentRunner.java:331)
	at org.apache.maven.surefire.junitcore.pc.Scheduler$1.run(Scheduler.java:398)
	at org.apache.maven.surefire.junitcore.pc.InvokerStrategy.schedule(InvokerStrategy.java:54)
	at org.apache.maven.surefire.junitcore.pc.Scheduler.schedule(Scheduler.java:355)
	at org.junit.runners.ParentRunner.runChildren(ParentRunner.java:329)
	at org.junit.runners.ParentRunner.access$100(ParentRunner.java:66)
	at org.junit.runners.ParentRunner$2.evaluate(ParentRunner.java:293)
	at org.junit.runners.ParentRunner$3.evaluate(ParentRunner.java:306)
	at org.junit.runners.ParentRunner.run(ParentRunner.java:413)
	at org.junit.runners.Suite.runChild(Suite.java:128)
	at org.junit.runners.Suite.runChild(Suite.java:27)
	at org.junit.runners.ParentRunner$4.run(ParentRunner.java:331)
	at org.apache.maven.surefire.junitcore.pc.Scheduler$1.run(Scheduler.java:398)
	at java.base/java.util.concurrent.Executors$RunnableAdapter.call(Executors.java:577)
	at java.base/java.util.concurrent.FutureTask.run(FutureTask.java:317)
	at java.base/java.util.concurrent.ThreadPoolExecutor.runWorker(ThreadPoolExecutor.java:1144)
	at java.base/java.util.concurrent.ThreadPoolExecutor$Worker.run(ThreadPoolExecutor.java:642)
	at java.base/java.lang.Thread.run(Thread.java:1589)
]]></error>
    <system-err><![CDATA[20230411 073856 INFO com.j256.ormlite.table.TableUtils dropping table 'TRANSACTIONS'
20230411 073856 INFO com.j256.ormlite.table.TableUtils ignoring drop error 'java.sql.SQLSyntaxErrorException: user lacks privilege or object not found: TRANSACTIONS in statement [DROP TABLE "TRANSACTIONS" ]' for statement: DROP TABLE "TRANSACTIONS" 
20230411 073856 INFO com.j256.ormlite.table.TableUtils creating table 'TRANSACTIONS'
20230411 073856 INFO com.j256.ormlite.table.TableUtils executed create table statement changed 0 rows: CREATE TABLE "TRANSACTIONS" ("hash" VARCHAR(64) , "from" VARCHAR(40) NOT NULL , "to" VARCHAR(40) NOT NULL , "amount" numeric(27,18) , "when" TIMESTAMP NOT NULL , "coin" VARCHAR(12) , PRIMARY KEY ("hash") ) 
20230411 073856 FINE com.j256.ormlite.stmt.mapped.BaseMappedStatement insert data with statement 'INSERT INTO "TRANSACTIONS" ("hash" ,"from" ,"to" ,"amount" ,"when" ,"coin" ) VALUES (?,?,?,?,?,?)' and 6 args, changed 1 rows
20230411 073856 FINEST com.j256.ormlite.stmt.mapped.BaseMappedStatement insert arguments: [hash000000001-49, 1234567890123456789012345678901234567866, 2112345678901234567890123456789012345678, 42.42, 2022-11-02 11:00:00.0, STORJ]
20230411 073856 FINE com.j256.ormlite.stmt.mapped.BaseMappedStatement insert data with statement 'INSERT INTO "TRANSACTIONS" ("hash" ,"from" ,"to" ,"amount" ,"when" ,"coin" ) VALUES (?,?,?,?,?,?)' and 6 args, changed 1 rows
20230411 073856 FINEST com.j256.ormlite.stmt.mapped.BaseMappedStatement insert arguments: [hash000000002-10, 1234567890123456789012345678901234567897, 1234567890123456789012345678901234567890, 72.72, 2022-11-17 11:00:00.0, GLM]
20230411 073856 FINE com.j256.ormlite.stmt.mapped.BaseMappedStatement insert data with statement 'INSERT INTO "TRANSACTIONS" ("hash" ,"from" ,"to" ,"amount" ,"when" ,"coin" ) VALUES (?,?,?,?,?,?)' and 6 args, changed 1 rows
20230411 073856 FINEST com.j256.ormlite.stmt.mapped.BaseMappedStatement insert arguments: [hash000000003-02, 1234567890123456789012345678901234567875, 2612345678901234567890123456789012345678, 25.25, 2022-11-02 11:00:00.0, ETH]
20230411 073856 FINE com.j256.ormlite.stmt.mapped.BaseMappedStatement insert data with statement 'INSERT INTO "TRANSACTIONS" ("hash" ,"from" ,"to" ,"amount" ,"when" ,"coin" ) VALUES (?,?,?,?,?,?)' and 6 args, changed 1 rows
20230411 073856 FINEST com.j256.ormlite.stmt.mapped.BaseMappedStatement insert arguments: [hash000000004-09, 1234567890123456789012345678901234567870, 1234567890123456789012345678901234567890, 88.88, 2022-11-12 11:00:00.0, STORJ]
20230411 073856 FINE com.j256.ormlite.stmt.mapped.BaseMappedStatement insert data with statement 'INSERT INTO "TRANSACTIONS" ("hash" ,"from" ,"to" ,"amount" ,"when" ,"coin" ) VALUES (?,?,?,?,?,?)' and 6 args, changed 1 rows
20230411 073856 FINEST com.j256.ormlite.stmt.mapped.BaseMappedStatement insert arguments: [hash000000005-43, 1234567890123456789012345678901234567871, 3812345678901234567890123456789012345678, 78.78, 2022-11-06 11:00:00.0, GLM]
20230411 073856 FINE com.j256.ormlite.stmt.mapped.BaseMappedStatement insert data with statement 'INSERT INTO "TRANSACTIONS" ("hash" ,"from" ,"to" ,"amount" ,"when" ,"coin" ) VALUES (?,?,?,?,?,?)' and 6 args, changed 1 rows
20230411 073856 FINEST com.j256.ormlite.stmt.mapped.BaseMappedStatement insert arguments: [hash000000006-61, 1234567890123456789012345678901234567874, 1234567890123456789012345678901234567890, 66.66, 2022-11-11 11:00:00.0, ETH]
20230411 073856 FINE com.j256.ormlite.stmt.mapped.BaseMappedStatement insert data with statement 'INSERT INTO "TRANSACTIONS" ("hash" ,"from" ,"to" ,"amount" ,"when" ,"coin" ) VALUES (?,?,?,?,?,?)' and 6 args, changed 1 rows
20230411 073856 FINEST com.j256.ormlite.stmt.mapped.BaseMappedStatement insert arguments: [hash000000007-60, 1234567890123456789012345678901234567816, 4812345678901234567890123456789012345678, 25.25, 2022-11-04 11:00:00.0, STORJ]
20230411 073856 FINE com.j256.ormlite.stmt.mapped.BaseMappedStatement insert data with statement 'INSERT INTO "TRANSACTIONS" ("hash" ,"from" ,"to" ,"amount" ,"when" ,"coin" ) VALUES (?,?,?,?,?,?)' and 6 args, changed 1 rows
20230411 073856 FINEST com.j256.ormlite.stmt.mapped.BaseMappedStatement insert arguments: [hash000000008-78, 1234567890123456789012345678901234567880, 1234567890123456789012345678901234567890, 95.95, 2022-11-12 11:00:00.0, GLM]
20230411 073856 FINE com.j256.ormlite.stmt.mapped.BaseMappedStatement insert data with statement 'INSERT INTO "TRANSACTIONS" ("hash" ,"from" ,"to" ,"amount" ,"when" ,"coin" ) VALUES (?,?,?,?,?,?)' and 6 args, changed 1 rows
20230411 073856 FINEST com.j256.ormlite.stmt.mapped.BaseMappedStatement insert arguments: [hash000000009-30, 1234567890123456789012345678901234567879, 8012345678901234567890123456789012345678, 94.94, 2022-11-17 11:00:00.0, ETH]
20230411 073856 FINE com.j256.ormlite.stmt.mapped.BaseMappedStatement insert data with statement 'INSERT INTO "TRANSACTIONS" ("hash" ,"from" ,"to" ,"amount" ,"when" ,"coin" ) VALUES (?,?,?,?,?,?)' and 6 args, changed 1 rows
20230411 073856 FINEST com.j256.ormlite.stmt.mapped.BaseMappedStatement insert arguments: [hash000000010-52, 1234567890123456789012345678901234567835, 1234567890123456789012345678901234567890, 59.59, 2022-11-17 11:00:00.0, STORJ]
20230411 073856 FINE com.j256.ormlite.stmt.mapped.BaseMappedStatement insert data with statement 'INSERT INTO "TRANSACTIONS" ("hash" ,"from" ,"to" ,"amount" ,"when" ,"coin" ) VALUES (?,?,?,?,?,?)' and 6 args, changed 1 rows
20230411 073856 FINEST com.j256.ormlite.stmt.mapped.BaseMappedStatement insert arguments: [hash000000011-41, 1234567890123456789012345678901234567862, 3612345678901234567890123456789012345678, 19.19, 2022-11-18 11:00:00.0, GLM]
20230411 073856 FINE com.j256.ormlite.stmt.mapped.BaseMappedStatement insert data with statement 'INSERT INTO "TRANSACTIONS" ("hash" ,"from" ,"to" ,"amount" ,"when" ,"coin" ) VALUES (?,?,?,?,?,?)' and 6 args, changed 1 rows
20230411 073856 FINEST com.j256.ormlite.stmt.mapped.BaseMappedStatement insert arguments: [hash000000012-28, 1234567890123456789012345678901234567817, 1234567890123456789012345678901234567890, 91.91, 2022-11-17 11:00:00.0, ETH]
20230411 073856 FINE com.j256.ormlite.stmt.mapped.BaseMappedStatement insert data with statement 'INSERT INTO "TRANSACTIONS" ("hash" ,"from" ,"to" ,"amount" ,"when" ,"coin" ) VALUES (?,?,?,?,?,?)' and 6 args, changed 1 rows
20230411 073856 FINEST com.j256.ormlite.stmt.mapped.BaseMappedStatement insert arguments: [hash000000013-52, 1234567890123456789012345678901234567832, 7012345678901234567890123456789012345678, 77.77, 2022-11-08 11:00:00.0, STORJ]
20230411 073856 FINE com.j256.ormlite.stmt.mapped.BaseMappedStatement insert data with statement 'INSERT INTO "TRANSACTIONS" ("hash" ,"from" ,"to" ,"amount" ,"when" ,"coin" ) VALUES (?,?,?,?,?,?)' and 6 args, changed 1 rows
20230411 073856 FINEST com.j256.ormlite.stmt.mapped.BaseMappedStatement insert arguments: [hash000000014-65, 1234567890123456789012345678901234567858, 1234567890123456789012345678901234567890, 8.08, 2022-11-04 11:00:00.0, GLM]
20230411 073856 FINE com.j256.ormlite.stmt.mapped.BaseMappedStatement insert data with statement 'INSERT INTO "TRANSACTIONS" ("hash" ,"from" ,"to" ,"amount" ,"when" ,"coin" ) VALUES (?,?,?,?,?,?)' and 6 args, changed 1 rows
20230411 073856 FINEST com.j256.ormlite.stmt.mapped.BaseMappedStatement insert arguments: [hash000000015-09, 1234567890123456789012345678901234567862, 5212345678901234567890123456789012345678, 84.84, 2022-11-02 11:00:00.0, ETH]
20230411 073856 FINE com.j256.ormlite.stmt.mapped.BaseMappedStatement insert data with statement 'INSERT INTO "TRANSACTIONS" ("hash" ,"from" ,"to" ,"amount" ,"when" ,"coin" ) VALUES (?,?,?,?,?,?)' and 6 args, changed 1 rows
20230411 073856 FINEST com.j256.ormlite.stmt.mapped.BaseMappedStatement insert arguments: [hash000000016-64, 1234567890123456789012345678901234567872, 1234567890123456789012345678901234567890, 9.09, 2022-11-12 11:00:00.0, STORJ]
20230411 073856 FINE com.j256.ormlite.stmt.mapped.BaseMappedStatement insert data with statement 'INSERT INTO "TRANSACTIONS" ("hash" ,"from" ,"to" ,"amount" ,"when" ,"coin" ) VALUES (?,?,?,?,?,?)' and 6 args, changed 1 rows
20230411 073856 FINEST com.j256.ormlite.stmt.mapped.BaseMappedStatement insert arguments: [hash000000017-68, 1234567890123456789012345678901234567811, 3612345678901234567890123456789012345678, 10.10, 2022-11-08 11:00:00.0, GLM]
20230411 073856 FINE com.j256.ormlite.stmt.mapped.BaseMappedStatement insert data with statement 'INSERT INTO "TRANSACTIONS" ("hash" ,"from" ,"to" ,"amount" ,"when" ,"coin" ) VALUES (?,?,?,?,?,?)' and 6 args, changed 1 rows
20230411 073856 FINEST com.j256.ormlite.stmt.mapped.BaseMappedStatement insert arguments: [hash000000018-05, 1234567890123456789012345678901234567803, 1234567890123456789012345678901234567890, 38.38, 2022-11-06 11:00:00.0, ETH]
20230411 073856 FINE com.j256.ormlite.stmt.mapped.BaseMappedStatement insert data with statement 'INSERT INTO "TRANSACTIONS" ("hash" ,"from" ,"to" ,"amount" ,"when" ,"coin" ) VALUES (?,?,?,?,?,?)' and 6 args, changed 1 rows
20230411 073856 FINEST com.j256.ormlite.stmt.mapped.BaseMappedStatement insert arguments: [hash000000019-73, 1234567890123456789012345678901234567822, 7812345678901234567890123456789012345678, 18.18, 2022-11-02 11:00:00.0, STORJ]
20230411 073856 FINE com.j256.ormlite.stmt.mapped.BaseMappedStatement insert data with statement 'INSERT INTO "TRANSACTIONS" ("hash" ,"from" ,"to" ,"amount" ,"when" ,"coin" ) VALUES (?,?,?,?,?,?)' and 6 args, changed 1 rows
20230411 073856 FINEST com.j256.ormlite.stmt.mapped.BaseMappedStatement insert arguments: [hash000000020-67, 1234567890123456789012345678901234567821, 1234567890123456789012345678901234567890, 96.96, 2022-11-11 11:00:00.0, GLM]
20230411 073856 FINE com.j256.ormlite.stmt.mapped.BaseMappedStatement insert data with statement 'INSERT INTO "TRANSACTIONS" ("hash" ,"from" ,"to" ,"amount" ,"when" ,"coin" ) VALUES (?,?,?,?,?,?)' and 6 args, changed 1 rows
20230411 073856 FINEST com.j256.ormlite.stmt.mapped.BaseMappedStatement insert arguments: [hash000000021-63, 1234567890123456789012345678901234567854, 8712345678901234567890123456789012345678, 13.13, 2022-11-04 11:00:00.0, ETH]
20230411 073856 FINE com.j256.ormlite.stmt.mapped.BaseMappedStatement insert data with statement 'INSERT INTO "TRANSACTIONS" ("hash" ,"from" ,"to" ,"amount" ,"when" ,"coin" ) VALUES (?,?,?,?,?,?)' and 6 args, changed 1 rows
20230411 073856 FINEST com.j256.ormlite.stmt.mapped.BaseMappedStatement insert arguments: [hash000000022-14, 1234567890123456789012345678901234567864, 1234567890123456789012345678901234567890, 18.18, 2022-11-20 11:00:00.0, STORJ]
20230411 073856 FINE com.j256.ormlite.stmt.mapped.BaseMappedStatement insert data with statement 'INSERT INTO "TRANSACTIONS" ("hash" ,"from" ,"to" ,"amount" ,"when" ,"coin" ) VALUES (?,?,?,?,?,?)' and 6 args, changed 1 rows
20230411 073856 FINEST com.j256.ormlite.stmt.mapped.BaseMappedStatement insert arguments: [hash000000023-38, 1234567890123456789012345678901234567890, 5112345678901234567890123456789012345678, 83.83, 2022-11-01 11:00:00.0, GLM]
20230411 073856 FINE com.j256.ormlite.stmt.mapped.BaseMappedStatement insert data with statement 'INSERT INTO "TRANSACTIONS" ("hash" ,"from" ,"to" ,"amount" ,"when" ,"coin" ) VALUES (?,?,?,?,?,?)' and 6 args, changed 1 rows
20230411 073856 FINEST com.j256.ormlite.stmt.mapped.BaseMappedStatement insert arguments: [hash000000024-29, 1234567890123456789012345678901234567890, 1234567890123456789012345678901234567890, 60.60, 2022-11-07 11:00:00.0, ETH]
20230411 073856 FINE com.j256.ormlite.stmt.mapped.BaseMappedStatement insert data with statement 'INSERT INTO "TRANSACTIONS" ("hash" ,"from" ,"to" ,"amount" ,"when" ,"coin" ) VALUES (?,?,?,?,?,?)' and 6 args, changed 1 rows
20230411 073856 FINEST com.j256.ormlite.stmt.mapped.BaseMappedStatement insert arguments: [hash000000025-69, 1234567890123456789012345678901234567884, 9112345678901234567890123456789012345678, 88.88, 2022-11-11 11:00:00.0, STORJ]
20230411 073856 FINE com.j256.ormlite.stmt.mapped.BaseMappedStatement insert data with statement 'INSERT INTO "TRANSACTIONS" ("hash" ,"from" ,"to" ,"amount" ,"when" ,"coin" ) VALUES (?,?,?,?,?,?)' and 6 args, changed 1 rows
20230411 073856 FINEST com.j256.ormlite.stmt.mapped.BaseMappedStatement insert arguments: [hash000000026-18, 1234567890123456789012345678901234567882, 1234567890123456789012345678901234567890, 80.80, 2022-11-03 11:00:00.0, GLM]
20230411 073856 FINE com.j256.ormlite.stmt.mapped.BaseMappedStatement insert data with statement 'INSERT INTO "TRANSACTIONS" ("hash" ,"from" ,"to" ,"amount" ,"when" ,"coin" ) VALUES (?,?,?,?,?,?)' and 6 args, changed 1 rows
20230411 073856 FINEST com.j256.ormlite.stmt.mapped.BaseMappedStatement insert arguments: [hash000000027-55, 1234567890123456789012345678901234567878, 7712345678901234567890123456789012345678, 58.58, 2022-11-03 11:00:00.0, ETH]
20230411 073856 FINE com.j256.ormlite.stmt.mapped.BaseMappedStatement insert data with statement 'INSERT INTO "TRANSACTIONS" ("hash" ,"from" ,"to" ,"amount" ,"when" ,"coin" ) VALUES (?,?,?,?,?,?)' and 6 args, changed 1 rows
20230411 073856 FINEST com.j256.ormlite.stmt.mapped.BaseMappedStatement insert arguments: [hash000000028-09, 1234567890123456789012345678901234567865, 1234567890123456789012345678901234567890, 85.85, 2022-11-03 11:00:00.0, STORJ]
20230411 073856 FINE com.j256.ormlite.stmt.mapped.BaseMappedStatement insert data with statement 'INSERT INTO "TRANSACTIONS" ("hash" ,"from" ,"to" ,"amount" ,"when" ,"coin" ) VALUES (?,?,?,?,?,?)' and 6 args, changed 1 rows
20230411 073856 FINEST com.j256.ormlite.stmt.mapped.BaseMappedStatement insert arguments: [hash000000029-25, 1234567890123456789012345678901234567880, 1712345678901234567890123456789012345678, 73.73, 2022-11-15 11:00:00.0, GLM]
20230411 073856 FINE com.j256.ormlite.stmt.mapped.BaseMappedStatement insert data with statement 'INSERT INTO "TRANSACTIONS" ("hash" ,"from" ,"to" ,"amount" ,"when" ,"coin" ) VALUES (?,?,?,?,?,?)' and 6 args, changed 1 rows
20230411 073856 FINEST com.j256.ormlite.stmt.mapped.BaseMappedStatement insert arguments: [hash000000030-28, 1234567890123456789012345678901234567892, 1234567890123456789012345678901234567890, 40.40, 2022-11-15 11:00:00.0, ETH]
20230411 073856 FINE com.j256.ormlite.stmt.mapped.BaseMappedStatement insert data with statement 'INSERT INTO "TRANSACTIONS" ("hash" ,"from" ,"to" ,"amount" ,"when" ,"coin" ) VALUES (?,?,?,?,?,?)' and 6 args, changed 1 rows
20230411 073856 FINEST com.j256.ormlite.stmt.mapped.BaseMappedStatement insert arguments: [hash000000031-37, 1234567890123456789012345678901234567834, 0712345678901234567890123456789012345678, 61.61, 2022-11-10 11:00:00.0, STORJ]
20230411 073856 FINE com.j256.ormlite.stmt.mapped.BaseMappedStatement insert data with statement 'INSERT INTO "TRANSACTIONS" ("hash" ,"from" ,"to" ,"amount" ,"when" ,"coin" ) VALUES (?,?,?,?,?,?)' and 6 args, changed 1 rows
20230411 073856 FINEST com.j256.ormlite.stmt.mapped.BaseMappedStatement insert arguments: [hash000000032-61, 1234567890123456789012345678901234567877, 1234567890123456789012345678901234567890, 62.62, 2022-11-03 11:00:00.0, GLM]
20230411 073856 FINE com.j256.ormlite.stmt.mapped.BaseMappedStatement insert data with statement 'INSERT INTO "TRANSACTIONS" ("hash" ,"from" ,"to" ,"amount" ,"when" ,"coin" ) VALUES (?,?,?,?,?,?)' and 6 args, changed 1 rows
20230411 073856 FINEST com.j256.ormlite.stmt.mapped.BaseMappedStatement insert arguments: [hash000000033-60, 1234567890123456789012345678901234567830, 0612345678901234567890123456789012345678, 72.72, 2022-11-15 11:00:00.0, ETH]
20230411 073856 FINE com.j256.ormlite.stmt.mapped.BaseMappedStatement insert data with statement 'INSERT INTO "TRANSACTIONS" ("hash" ,"from" ,"to" ,"amount" ,"when" ,"coin" ) VALUES (?,?,?,?,?,?)' and 6 args, changed 1 rows
20230411 073856 FINEST com.j256.ormlite.stmt.mapped.BaseMappedStatement insert arguments: [hash000000034-13, 1234567890123456789012345678901234567823, 1234567890123456789012345678901234567890, 69.69, 2022-11-03 11:00:00.0, STORJ]
20230411 073856 FINE com.j256.ormlite.stmt.mapped.BaseMappedStatement insert data with statement 'INSERT INTO "TRANSACTIONS" ("hash" ,"from" ,"to" ,"amount" ,"when" ,"coin" ) VALUES (?,?,?,?,?,?)' and 6 args, changed 1 rows
20230411 073856 FINEST com.j256.ormlite.stmt.mapped.BaseMappedStatement insert arguments: [hash000000035-62, 1234567890123456789012345678901234567891, 9912345678901234567890123456789012345678, 82.82, 2022-11-08 11:00:00.0, GLM]
20230411 073856 FINE com.j256.ormlite.stmt.mapped.BaseMappedStatement insert data with statement 'INSERT INTO "TRANSACTIONS" ("hash" ,"from" ,"to" ,"amount" ,"when" ,"coin" ) VALUES (?,?,?,?,?,?)' and 6 args, changed 1 rows
20230411 073856 FINEST com.j256.ormlite.stmt.mapped.BaseMappedStatement insert arguments: [hash000000036-08, 1234567890123456789012345678901234567874, 1234567890123456789012345678901234567890, 4.04, 2022-11-19 11:00:00.0, ETH]
20230411 073856 FINE com.j256.ormlite.stmt.mapped.BaseMappedStatement insert data with statement 'INSERT INTO "TRANSACTIONS" ("hash" ,"from" ,"to" ,"amount" ,"when" ,"coin" ) VALUES (?,?,?,?,?,?)' and 6 args, changed 1 rows
20230411 073856 FINEST com.j256.ormlite.stmt.mapped.BaseMappedStatement insert arguments: [hash000000037-43, 1234567890123456789012345678901234567869, 1512345678901234567890123456789012345678, 42.42, 2022-11-19 11:00:00.0, STORJ]
20230411 073856 FINE com.j256.ormlite.stmt.mapped.BaseMappedStatement insert data with statement 'INSERT INTO "TRANSACTIONS" ("hash" ,"from" ,"to" ,"amount" ,"when" ,"coin" ) VALUES (?,?,?,?,?,?)' and 6 args, changed 1 rows
20230411 073856 FINEST com.j256.ormlite.stmt.mapped.BaseMappedStatement insert arguments: [hash000000038-27, 1234567890123456789012345678901234567871, 1234567890123456789012345678901234567890, 50.50, 2022-11-15 11:00:00.0, GLM]
20230411 073856 FINE com.j256.ormlite.stmt.mapped.BaseMappedStatement insert data with statement 'INSERT INTO "TRANSACTIONS" ("hash" ,"from" ,"to" ,"amount" ,"when" ,"coin" ) VALUES (?,?,?,?,?,?)' and 6 args, changed 1 rows
20230411 073856 FINEST com.j256.ormlite.stmt.mapped.BaseMappedStatement insert arguments: [hash000000039-77, 1234567890123456789012345678901234567873, 8112345678901234567890123456789012345678, 3.03, 2022-11-06 11:00:00.0, ETH]
20230411 073856 FINE com.j256.ormlite.stmt.mapped.BaseMappedStatement insert data with statement 'INSERT INTO "TRANSACTIONS" ("hash" ,"from" ,"to" ,"amount" ,"when" ,"coin" ) VALUES (?,?,?,?,?,?)' and 6 args, changed 1 rows
20230411 073856 FINEST com.j256.ormlite.stmt.mapped.BaseMappedStatement insert arguments: [hash000000040-72, 1234567890123456789012345678901234567815, 1234567890123456789012345678901234567890, 26.26, 2022-11-11 11:00:00.0, STORJ]
20230411 073856 FINE com.j256.ormlite.stmt.mapped.BaseMappedStatement insert data with statement 'INSERT INTO "TRANSACTIONS" ("hash" ,"from" ,"to" ,"amount" ,"when" ,"coin" ) VALUES (?,?,?,?,?,?)' and 6 args, changed 1 rows
20230411 073856 FINEST com.j256.ormlite.stmt.mapped.BaseMappedStatement insert arguments: [hash000000041-40, 1234567890123456789012345678901234567817, 8012345678901234567890123456789012345678, 81.81, 2022-11-11 11:00:00.0, GLM]
20230411 073856 FINE com.j256.ormlite.stmt.mapped.BaseMappedStatement insert data with statement 'INSERT INTO "TRANSACTIONS" ("hash" ,"from" ,"to" ,"amount" ,"when" ,"coin" ) VALUES (?,?,?,?,?,?)' and 6 args, changed 1 rows
20230411 073856 FINEST com.j256.ormlite.stmt.mapped.BaseMappedStatement insert arguments: [hash000000042-60, 1234567890123456789012345678901234567831, 1234567890123456789012345678901234567890, 59.59, 2022-11-03 11:00:00.0, ETH]
20230411 073856 FINE com.j256.ormlite.stmt.mapped.BaseMappedStatement insert data with statement 'INSERT INTO "TRANSACTIONS" ("hash" ,"from" ,"to" ,"amount" ,"when" ,"coin" ) VALUES (?,?,?,?,?,?)' and 6 args, changed 1 rows
20230411 073856 FINEST com.j256.ormlite.stmt.mapped.BaseMappedStatement insert arguments: [hash000000043-18, 1234567890123456789012345678901234567863, 3212345678901234567890123456789012345678, 87.87, 2022-11-05 11:00:00.0, STORJ]
20230411 073856 FINE com.j256.ormlite.stmt.mapped.BaseMappedStatement insert data with statement 'INSERT INTO "TRANSACTIONS" ("hash" ,"from" ,"to" ,"amount" ,"when" ,"coin" ) VALUES (?,?,?,?,?,?)' and 6 args, changed 1 rows
20230411 073856 FINEST com.j256.ormlite.stmt.mapped.BaseMappedStatement insert arguments: [hash000000044-79, 1234567890123456789012345678901234567895, 1234567890123456789012345678901234567890, 58.58, 2022-11-18 11:00:00.0, GLM]
20230411 073856 FINE com.j256.ormlite.stmt.mapped.BaseMappedStatement insert data with statement 'INSERT INTO "TRANSACTIONS" ("hash" ,"from" ,"to" ,"amount" ,"when" ,"coin" ) VALUES (?,?,?,?,?,?)' and 6 args, changed 1 rows
20230411 073856 FINEST com.j256.ormlite.stmt.mapped.BaseMappedStatement insert arguments: [hash000000045-69, 1234567890123456789012345678901234567836, 9612345678901234567890123456789012345678, 76.76, 2022-11-09 11:00:00.0, ETH]
20230411 073856 FINE com.j256.ormlite.stmt.mapped.BaseMappedStatement insert data with statement 'INSERT INTO "TRANSACTIONS" ("hash" ,"from" ,"to" ,"amount" ,"when" ,"coin" ) VALUES (?,?,?,?,?,?)' and 6 args, changed 1 rows
20230411 073856 FINEST com.j256.ormlite.stmt.mapped.BaseMappedStatement insert arguments: [hash000000046-12, 1234567890123456789012345678901234567894, 1234567890123456789012345678901234567890, 90.90, 2022-11-19 11:00:00.0, STORJ]
20230411 073856 FINE com.j256.ormlite.stmt.mapped.BaseMappedStatement insert data with statement 'INSERT INTO "TRANSACTIONS" ("hash" ,"from" ,"to" ,"amount" ,"when" ,"coin" ) VALUES (?,?,?,?,?,?)' and 6 args, changed 1 rows
20230411 073856 FINEST com.j256.ormlite.stmt.mapped.BaseMappedStatement insert arguments: [hash000000047-34, 1234567890123456789012345678901234567861, 6412345678901234567890123456789012345678, 72.72, 2022-11-13 11:00:00.0, GLM]
20230411 073856 FINE com.j256.ormlite.stmt.mapped.BaseMappedStatement insert data with statement 'INSERT INTO "TRANSACTIONS" ("hash" ,"from" ,"to" ,"amount" ,"when" ,"coin" ) VALUES (?,?,?,?,?,?)' and 6 args, changed 1 rows
20230411 073856 FINEST com.j256.ormlite.stmt.mapped.BaseMappedStatement insert arguments: [hash000000048-45, 1234567890123456789012345678901234567844, 1234567890123456789012345678901234567890, 3.03, 2022-11-03 11:00:00.0, ETH]
20230411 073856 FINE com.j256.ormlite.stmt.mapped.BaseMappedStatement insert data with statement 'INSERT INTO "TRANSACTIONS" ("hash" ,"from" ,"to" ,"amount" ,"when" ,"coin" ) VALUES (?,?,?,?,?,?)' and 6 args, changed 1 rows
20230411 073856 FINEST com.j256.ormlite.stmt.mapped.BaseMappedStatement insert arguments: [hash000000049-06, 1234567890123456789012345678901234567872, 7212345678901234567890123456789012345678, 50.50, 2022-11-08 11:00:00.0, STORJ]
20230411 073856 FINE com.j256.ormlite.stmt.mapped.BaseMappedStatement insert data with statement 'INSERT INTO "TRANSACTIONS" ("hash" ,"from" ,"to" ,"amount" ,"when" ,"coin" ) VALUES (?,?,?,?,?,?)' and 6 args, changed 1 rows
20230411 073856 FINEST com.j256.ormlite.stmt.mapped.BaseMappedStatement insert arguments: [hash000000050-23, 1234567890123456789012345678901234567878, 1234567890123456789012345678901234567890, 73.73, 2022-11-11 11:00:00.0, GLM]
20230411 073856 FINE com.j256.ormlite.stmt.mapped.BaseMappedStatement insert data with statement 'INSERT INTO "TRANSACTIONS" ("hash" ,"from" ,"to" ,"amount" ,"when" ,"coin" ) VALUES (?,?,?,?,?,?)' and 6 args, changed 1 rows
20230411 073856 FINEST com.j256.ormlite.stmt.mapped.BaseMappedStatement insert arguments: [hash000000051-68, 1234567890123456789012345678901234567820, 7812345678901234567890123456789012345678, 28.28, 2022-11-08 11:00:00.0, ETH]
20230411 073856 FINE com.j256.ormlite.stmt.mapped.BaseMappedStatement insert data with statement 'INSERT INTO "TRANSACTIONS" ("hash" ,"from" ,"to" ,"amount" ,"when" ,"coin" ) VALUES (?,?,?,?,?,?)' and 6 args, changed 1 rows
20230411 073856 FINEST com.j256.ormlite.stmt.mapped.BaseMappedStatement insert arguments: [hash000000052-00, 1234567890123456789012345678901234567888, 1234567890123456789012345678901234567890, 56.56, 2022-11-04 11:00:00.0, STORJ]
20230411 073856 FINE com.j256.ormlite.stmt.mapped.BaseMappedStatement insert data with statement 'INSERT INTO "TRANSACTIONS" ("hash" ,"from" ,"to" ,"amount" ,"when" ,"coin" ) VALUES (?,?,?,?,?,?)' and 6 args, changed 1 rows
20230411 073856 FINEST com.j256.ormlite.stmt.mapped.BaseMappedStatement insert arguments: [hash000000053-59, 1234567890123456789012345678901234567843, 4212345678901234567890123456789012345678, 50.50, 2022-11-15 11:00:00.0, GLM]
20230411 073856 FINE com.j256.ormlite.stmt.mapped.BaseMappedStatement insert data with statement 'INSERT INTO "TRANSACTIONS" ("hash" ,"from" ,"to" ,"amount" ,"when" ,"coin" ) VALUES (?,?,?,?,?,?)' and 6 args, changed 1 rows
20230411 073856 FINEST com.j256.ormlite.stmt.mapped.BaseMappedStatement insert arguments: [hash000000054-48, 1234567890123456789012345678901234567816, 1234567890123456789012345678901234567890, 37.37, 2022-11-14 11:00:00.0, ETH]
20230411 073856 FINE com.j256.ormlite.stmt.mapped.BaseMappedStatement insert data with statement 'INSERT INTO "TRANSACTIONS" ("hash" ,"from" ,"to" ,"amount" ,"when" ,"coin" ) VALUES (?,?,?,?,?,?)' and 6 args, changed 1 rows
20230411 073856 FINEST com.j256.ormlite.stmt.mapped.BaseMappedStatement insert arguments: [hash000000055-32, 1234567890123456789012345678901234567844, 7212345678901234567890123456789012345678, 81.81, 2022-11-10 11:00:00.0, STORJ]
20230411 073856 FINE com.j256.ormlite.stmt.mapped.BaseMappedStatement insert data with statement 'INSERT INTO "TRANSACTIONS" ("hash" ,"from" ,"to" ,"amount" ,"when" ,"coin" ) VALUES (?,?,?,?,?,?)' and 6 args, changed 1 rows
20230411 073856 FINEST com.j256.ormlite.stmt.mapped.BaseMappedStatement insert arguments: [hash000000056-44, 1234567890123456789012345678901234567813, 1234567890123456789012345678901234567890, 48.48, 2022-11-13 11:00:00.0, GLM]
20230411 073856 FINE com.j256.ormlite.stmt.mapped.BaseMappedStatement insert data with statement 'INSERT INTO "TRANSACTIONS" ("hash" ,"from" ,"to" ,"amount" ,"when" ,"coin" ) VALUES (?,?,?,?,?,?)' and 6 args, changed 1 rows
20230411 073856 FINEST com.j256.ormlite.stmt.mapped.BaseMappedStatement insert arguments: [hash000000057-54, 1234567890123456789012345678901234567865, 1012345678901234567890123456789012345678, 16.16, 2022-11-04 11:00:00.0, ETH]
20230411 073856 FINE com.j256.ormlite.stmt.mapped.BaseMappedStatement insert data with statement 'INSERT INTO "TRANSACTIONS" ("hash" ,"from" ,"to" ,"amount" ,"when" ,"coin" ) VALUES (?,?,?,?,?,?)' and 6 args, changed 1 rows
20230411 073856 FINEST com.j256.ormlite.stmt.mapped.BaseMappedStatement insert arguments: [hash000000058-42, 1234567890123456789012345678901234567849, 1234567890123456789012345678901234567890, 70.70, 2022-11-19 11:00:00.0, STORJ]
20230411 073856 FINE com.j256.ormlite.stmt.mapped.BaseMappedStatement insert data with statement 'INSERT INTO "TRANSACTIONS" ("hash" ,"from" ,"to" ,"amount" ,"when" ,"coin" ) VALUES (?,?,?,?,?,?)' and 6 args, changed 1 rows
20230411 073856 FINEST com.j256.ormlite.stmt.mapped.BaseMappedStatement insert arguments: [hash000000059-12, 1234567890123456789012345678901234567873, 6012345678901234567890123456789012345678, 16.16, 2022-11-03 11:00:00.0, GLM]
20230411 073856 FINE com.j256.ormlite.stmt.mapped.BaseMappedStatement insert data with statement 'INSERT INTO "TRANSACTIONS" ("hash" ,"from" ,"to" ,"amount" ,"when" ,"coin" ) VALUES (?,?,?,?,?,?)' and 6 args, changed 1 rows
20230411 073856 FINEST com.j256.ormlite.stmt.mapped.BaseMappedStatement insert arguments: [hash000000060-04, 1234567890123456789012345678901234567862, 1234567890123456789012345678901234567890, 38.38, 2022-11-11 11:00:00.0, ETH]
20230411 073856 FINE com.j256.ormlite.stmt.mapped.BaseMappedStatement insert data with statement 'INSERT INTO "TRANSACTIONS" ("hash" ,"from" ,"to" ,"amount" ,"when" ,"coin" ) VALUES (?,?,?,?,?,?)' and 6 args, changed 1 rows
20230411 073856 FINEST com.j256.ormlite.stmt.mapped.BaseMappedStatement insert arguments: [hash000000061-75, 1234567890123456789012345678901234567847, 4012345678901234567890123456789012345678, 72.72, 2022-11-09 11:00:00.0, STORJ]
20230411 073856 FINE com.j256.ormlite.stmt.mapped.BaseMappedStatement insert data with statement 'INSERT INTO "TRANSACTIONS" ("hash" ,"from" ,"to" ,"amount" ,"when" ,"coin" ) VALUES (?,?,?,?,?,?)' and 6 args, changed 1 rows
20230411 073856 FINEST com.j256.ormlite.stmt.mapped.BaseMappedStatement insert arguments: [hash000000062-72, 1234567890123456789012345678901234567877, 1234567890123456789012345678901234567890, 91.91, 2022-11-18 11:00:00.0, GLM]
20230411 073856 FINE com.j256.ormlite.stmt.mapped.BaseMappedStatement insert data with statement 'INSERT INTO "TRANSACTIONS" ("hash" ,"from" ,"to" ,"amount" ,"when" ,"coin" ) VALUES (?,?,?,?,?,?)' and 6 args, changed 1 rows
20230411 073856 FINEST com.j256.ormlite.stmt.mapped.BaseMappedStatement insert arguments: [hash000000063-21, 1234567890123456789012345678901234567863, 1612345678901234567890123456789012345678, 45.45, 2022-11-01 11:00:00.0, ETH]
]]></system-err>
  </testcase>
  <testcase name="nothing_when_delete_button_is_pressed_and_onDelete_is_null" classname="ste.w3.easywallet.ui.WalletCardControllerTest" time="0.785">
    <error message="Need to specify class name in environment or system property, or in an application resource file: java.naming.factory.initial" type="javax.naming.NoInitialContextException"><![CDATA[javax.naming.NoInitialContextException: Need to specify class name in environment or system property, or in an application resource file: java.naming.factory.initial
	at java.naming/javax.naming.spi.NamingManager.getInitialContext(NamingManager.java:704)
	at java.naming/javax.naming.InitialContext.getDefaultInitCtx(InitialContext.java:305)
	at java.naming/javax.naming.InitialContext.getURLOrDefaultInitCtx(InitialContext.java:342)
	at java.naming/javax.naming.InitialContext.createSubcontext(InitialContext.java:481)
	at ste.w3.easywallet.ui.WalletCardControllerTest.before(WalletCardControllerTest.java:66)
	at java.base/jdk.internal.reflect.DirectMethodHandleAccessor.invoke(DirectMethodHandleAccessor.java:104)
	at java.base/java.lang.reflect.Method.invoke(Method.java:578)
	at org.junit.runners.model.FrameworkMethod$1.runReflectiveCall(FrameworkMethod.java:59)
	at org.junit.internal.runners.model.ReflectiveCallable.run(ReflectiveCallable.java:12)
	at org.junit.runners.model.FrameworkMethod.invokeExplosively(FrameworkMethod.java:56)
	at org.junit.internal.runners.statements.RunBefores.invokeMethod(RunBefores.java:33)
	at org.junit.internal.runners.statements.RunBefores.evaluate(RunBefores.java:24)
	at org.junit.internal.runners.statements.RunAfters.evaluate(RunAfters.java:27)
	at org.junit.runners.ParentRunner$3.evaluate(ParentRunner.java:306)
	at org.junit.runners.BlockJUnit4ClassRunner$1.evaluate(BlockJUnit4ClassRunner.java:100)
	at org.junit.runners.ParentRunner.runLeaf(ParentRunner.java:366)
	at org.junit.runners.BlockJUnit4ClassRunner.runChild(BlockJUnit4ClassRunner.java:103)
	at org.junit.runners.BlockJUnit4ClassRunner.runChild(BlockJUnit4ClassRunner.java:63)
	at org.junit.runners.ParentRunner$4.run(ParentRunner.java:331)
	at org.apache.maven.surefire.junitcore.pc.Scheduler$1.run(Scheduler.java:398)
	at org.apache.maven.surefire.junitcore.pc.InvokerStrategy.schedule(InvokerStrategy.java:54)
	at org.apache.maven.surefire.junitcore.pc.Scheduler.schedule(Scheduler.java:355)
	at org.junit.runners.ParentRunner.runChildren(ParentRunner.java:329)
	at org.junit.runners.ParentRunner.access$100(ParentRunner.java:66)
	at org.junit.runners.ParentRunner$2.evaluate(ParentRunner.java:293)
	at org.junit.runners.ParentRunner$3.evaluate(ParentRunner.java:306)
	at org.junit.runners.ParentRunner.run(ParentRunner.java:413)
	at org.junit.runners.Suite.runChild(Suite.java:128)
	at org.junit.runners.Suite.runChild(Suite.java:27)
	at org.junit.runners.ParentRunner$4.run(ParentRunner.java:331)
	at org.apache.maven.surefire.junitcore.pc.Scheduler$1.run(Scheduler.java:398)
	at java.base/java.util.concurrent.Executors$RunnableAdapter.call(Executors.java:577)
	at java.base/java.util.concurrent.FutureTask.run(FutureTask.java:317)
	at java.base/java.util.concurrent.ThreadPoolExecutor.runWorker(ThreadPoolExecutor.java:1144)
	at java.base/java.util.concurrent.ThreadPoolExecutor$Worker.run(ThreadPoolExecutor.java:642)
	at java.base/java.lang.Thread.run(Thread.java:1589)
]]></error>
    <system-err><![CDATA[20230411 073856 INFO com.j256.ormlite.table.TableUtils dropping table 'TRANSACTIONS'
20230411 073857 INFO com.j256.ormlite.table.TableUtils ignoring drop error 'java.sql.SQLSyntaxErrorException: user lacks privilege or object not found: TRANSACTIONS in statement [DROP TABLE "TRANSACTIONS" ]' for statement: DROP TABLE "TRANSACTIONS" 
20230411 073857 INFO com.j256.ormlite.table.TableUtils creating table 'TRANSACTIONS'
20230411 073857 INFO com.j256.ormlite.table.TableUtils executed create table statement changed 0 rows: CREATE TABLE "TRANSACTIONS" ("hash" VARCHAR(64) , "from" VARCHAR(40) NOT NULL , "to" VARCHAR(40) NOT NULL , "amount" numeric(27,18) , "when" TIMESTAMP NOT NULL , "coin" VARCHAR(12) , PRIMARY KEY ("hash") ) 
20230411 073857 FINE com.j256.ormlite.stmt.mapped.BaseMappedStatement insert data with statement 'INSERT INTO "TRANSACTIONS" ("hash" ,"from" ,"to" ,"amount" ,"when" ,"coin" ) VALUES (?,?,?,?,?,?)' and 6 args, changed 1 rows
20230411 073857 FINEST com.j256.ormlite.stmt.mapped.BaseMappedStatement insert arguments: [hash000000001-13, 1234567890123456789012345678901234567892, 4412345678901234567890123456789012345678, 62.62, 2022-11-11 11:00:00.0, STORJ]
20230411 073857 FINE com.j256.ormlite.stmt.mapped.BaseMappedStatement insert data with statement 'INSERT INTO "TRANSACTIONS" ("hash" ,"from" ,"to" ,"amount" ,"when" ,"coin" ) VALUES (?,?,?,?,?,?)' and 6 args, changed 1 rows
20230411 073857 FINEST com.j256.ormlite.stmt.mapped.BaseMappedStatement insert arguments: [hash000000002-04, 1234567890123456789012345678901234567840, 1234567890123456789012345678901234567890, 92.92, 2022-11-06 11:00:00.0, GLM]
20230411 073857 FINE com.j256.ormlite.stmt.mapped.BaseMappedStatement insert data with statement 'INSERT INTO "TRANSACTIONS" ("hash" ,"from" ,"to" ,"amount" ,"when" ,"coin" ) VALUES (?,?,?,?,?,?)' and 6 args, changed 1 rows
20230411 073857 FINEST com.j256.ormlite.stmt.mapped.BaseMappedStatement insert arguments: [hash000000003-26, 1234567890123456789012345678901234567840, 6412345678901234567890123456789012345678, 66.66, 2022-11-08 11:00:00.0, ETH]
20230411 073857 FINE com.j256.ormlite.stmt.mapped.BaseMappedStatement insert data with statement 'INSERT INTO "TRANSACTIONS" ("hash" ,"from" ,"to" ,"amount" ,"when" ,"coin" ) VALUES (?,?,?,?,?,?)' and 6 args, changed 1 rows
20230411 073857 FINEST com.j256.ormlite.stmt.mapped.BaseMappedStatement insert arguments: [hash000000004-48, 1234567890123456789012345678901234567815, 1234567890123456789012345678901234567890, 42.42, 2022-11-14 11:00:00.0, STORJ]
20230411 073857 FINE com.j256.ormlite.stmt.mapped.BaseMappedStatement insert data with statement 'INSERT INTO "TRANSACTIONS" ("hash" ,"from" ,"to" ,"amount" ,"when" ,"coin" ) VALUES (?,?,?,?,?,?)' and 6 args, changed 1 rows
20230411 073857 FINEST com.j256.ormlite.stmt.mapped.BaseMappedStatement insert arguments: [hash000000005-48, 1234567890123456789012345678901234567874, 9912345678901234567890123456789012345678, 33.33, 2022-11-13 11:00:00.0, GLM]
20230411 073857 FINE com.j256.ormlite.stmt.mapped.BaseMappedStatement insert data with statement 'INSERT INTO "TRANSACTIONS" ("hash" ,"from" ,"to" ,"amount" ,"when" ,"coin" ) VALUES (?,?,?,?,?,?)' and 6 args, changed 1 rows
20230411 073857 FINEST com.j256.ormlite.stmt.mapped.BaseMappedStatement insert arguments: [hash000000006-38, 1234567890123456789012345678901234567858, 1234567890123456789012345678901234567890, 5.05, 2022-11-05 11:00:00.0, ETH]
20230411 073857 FINE com.j256.ormlite.stmt.mapped.BaseMappedStatement insert data with statement 'INSERT INTO "TRANSACTIONS" ("hash" ,"from" ,"to" ,"amount" ,"when" ,"coin" ) VALUES (?,?,?,?,?,?)' and 6 args, changed 1 rows
20230411 073857 FINEST com.j256.ormlite.stmt.mapped.BaseMappedStatement insert arguments: [hash000000007-51, 1234567890123456789012345678901234567836, 7412345678901234567890123456789012345678, 26.26, 2022-11-06 11:00:00.0, STORJ]
20230411 073857 FINE com.j256.ormlite.stmt.mapped.BaseMappedStatement insert data with statement 'INSERT INTO "TRANSACTIONS" ("hash" ,"from" ,"to" ,"amount" ,"when" ,"coin" ) VALUES (?,?,?,?,?,?)' and 6 args, changed 1 rows
20230411 073857 FINEST com.j256.ormlite.stmt.mapped.BaseMappedStatement insert arguments: [hash000000008-69, 1234567890123456789012345678901234567888, 1234567890123456789012345678901234567890, 96.96, 2022-11-05 11:00:00.0, GLM]
20230411 073857 FINE com.j256.ormlite.stmt.mapped.BaseMappedStatement insert data with statement 'INSERT INTO "TRANSACTIONS" ("hash" ,"from" ,"to" ,"amount" ,"when" ,"coin" ) VALUES (?,?,?,?,?,?)' and 6 args, changed 1 rows
20230411 073857 FINEST com.j256.ormlite.stmt.mapped.BaseMappedStatement insert arguments: [hash000000009-27, 1234567890123456789012345678901234567837, 8812345678901234567890123456789012345678, 66.66, 2022-11-12 11:00:00.0, ETH]
20230411 073857 FINE com.j256.ormlite.stmt.mapped.BaseMappedStatement insert data with statement 'INSERT INTO "TRANSACTIONS" ("hash" ,"from" ,"to" ,"amount" ,"when" ,"coin" ) VALUES (?,?,?,?,?,?)' and 6 args, changed 1 rows
20230411 073857 FINEST com.j256.ormlite.stmt.mapped.BaseMappedStatement insert arguments: [hash000000010-37, 1234567890123456789012345678901234567869, 1234567890123456789012345678901234567890, 42.42, 2022-11-01 11:00:00.0, STORJ]
20230411 073857 FINE com.j256.ormlite.stmt.mapped.BaseMappedStatement insert data with statement 'INSERT INTO "TRANSACTIONS" ("hash" ,"from" ,"to" ,"amount" ,"when" ,"coin" ) VALUES (?,?,?,?,?,?)' and 6 args, changed 1 rows
20230411 073857 FINEST com.j256.ormlite.stmt.mapped.BaseMappedStatement insert arguments: [hash000000011-77, 1234567890123456789012345678901234567840, 6512345678901234567890123456789012345678, 89.89, 2022-11-14 11:00:00.0, GLM]
20230411 073857 FINE com.j256.ormlite.stmt.mapped.BaseMappedStatement insert data with statement 'INSERT INTO "TRANSACTIONS" ("hash" ,"from" ,"to" ,"amount" ,"when" ,"coin" ) VALUES (?,?,?,?,?,?)' and 6 args, changed 1 rows
20230411 073857 FINEST com.j256.ormlite.stmt.mapped.BaseMappedStatement insert arguments: [hash000000012-15, 1234567890123456789012345678901234567821, 1234567890123456789012345678901234567890, 49.49, 2022-11-19 11:00:00.0, ETH]
20230411 073857 FINE com.j256.ormlite.stmt.mapped.BaseMappedStatement insert data with statement 'INSERT INTO "TRANSACTIONS" ("hash" ,"from" ,"to" ,"amount" ,"when" ,"coin" ) VALUES (?,?,?,?,?,?)' and 6 args, changed 1 rows
20230411 073857 FINEST com.j256.ormlite.stmt.mapped.BaseMappedStatement insert arguments: [hash000000013-54, 1234567890123456789012345678901234567834, 5112345678901234567890123456789012345678, 17.17, 2022-11-15 11:00:00.0, STORJ]
20230411 073857 FINE com.j256.ormlite.stmt.mapped.BaseMappedStatement insert data with statement 'INSERT INTO "TRANSACTIONS" ("hash" ,"from" ,"to" ,"amount" ,"when" ,"coin" ) VALUES (?,?,?,?,?,?)' and 6 args, changed 1 rows
20230411 073857 FINEST com.j256.ormlite.stmt.mapped.BaseMappedStatement insert arguments: [hash000000014-58, 1234567890123456789012345678901234567887, 1234567890123456789012345678901234567890, 90.90, 2022-11-05 11:00:00.0, GLM]
20230411 073857 FINE com.j256.ormlite.stmt.mapped.BaseMappedStatement insert data with statement 'INSERT INTO "TRANSACTIONS" ("hash" ,"from" ,"to" ,"amount" ,"when" ,"coin" ) VALUES (?,?,?,?,?,?)' and 6 args, changed 1 rows
20230411 073857 FINEST com.j256.ormlite.stmt.mapped.BaseMappedStatement insert arguments: [hash000000015-17, 1234567890123456789012345678901234567868, 9612345678901234567890123456789012345678, 95.95, 2022-11-19 11:00:00.0, ETH]
20230411 073857 FINE com.j256.ormlite.stmt.mapped.BaseMappedStatement insert data with statement 'INSERT INTO "TRANSACTIONS" ("hash" ,"from" ,"to" ,"amount" ,"when" ,"coin" ) VALUES (?,?,?,?,?,?)' and 6 args, changed 1 rows
20230411 073857 FINEST com.j256.ormlite.stmt.mapped.BaseMappedStatement insert arguments: [hash000000016-18, 1234567890123456789012345678901234567884, 1234567890123456789012345678901234567890, 43.43, 2022-11-09 11:00:00.0, STORJ]
20230411 073857 FINE com.j256.ormlite.stmt.mapped.BaseMappedStatement insert data with statement 'INSERT INTO "TRANSACTIONS" ("hash" ,"from" ,"to" ,"amount" ,"when" ,"coin" ) VALUES (?,?,?,?,?,?)' and 6 args, changed 1 rows
20230411 073857 FINEST com.j256.ormlite.stmt.mapped.BaseMappedStatement insert arguments: [hash000000017-01, 1234567890123456789012345678901234567835, 7212345678901234567890123456789012345678, 82.82, 2022-11-07 11:00:00.0, GLM]
20230411 073857 FINE com.j256.ormlite.stmt.mapped.BaseMappedStatement insert data with statement 'INSERT INTO "TRANSACTIONS" ("hash" ,"from" ,"to" ,"amount" ,"when" ,"coin" ) VALUES (?,?,?,?,?,?)' and 6 args, changed 1 rows
20230411 073857 FINEST com.j256.ormlite.stmt.mapped.BaseMappedStatement insert arguments: [hash000000018-57, 1234567890123456789012345678901234567866, 1234567890123456789012345678901234567890, 70.70, 2022-11-02 11:00:00.0, ETH]
20230411 073857 FINE com.j256.ormlite.stmt.mapped.BaseMappedStatement insert data with statement 'INSERT INTO "TRANSACTIONS" ("hash" ,"from" ,"to" ,"amount" ,"when" ,"coin" ) VALUES (?,?,?,?,?,?)' and 6 args, changed 1 rows
20230411 073857 FINEST com.j256.ormlite.stmt.mapped.BaseMappedStatement insert arguments: [hash000000019-05, 1234567890123456789012345678901234567865, 6012345678901234567890123456789012345678, 45.45, 2022-11-10 11:00:00.0, STORJ]
20230411 073857 FINE com.j256.ormlite.stmt.mapped.BaseMappedStatement insert data with statement 'INSERT INTO "TRANSACTIONS" ("hash" ,"from" ,"to" ,"amount" ,"when" ,"coin" ) VALUES (?,?,?,?,?,?)' and 6 args, changed 1 rows
20230411 073857 FINEST com.j256.ormlite.stmt.mapped.BaseMappedStatement insert arguments: [hash000000020-61, 1234567890123456789012345678901234567849, 1234567890123456789012345678901234567890, 69.69, 2022-11-13 11:00:00.0, GLM]
20230411 073857 FINE com.j256.ormlite.stmt.mapped.BaseMappedStatement insert data with statement 'INSERT INTO "TRANSACTIONS" ("hash" ,"from" ,"to" ,"amount" ,"when" ,"coin" ) VALUES (?,?,?,?,?,?)' and 6 args, changed 1 rows
20230411 073857 FINEST com.j256.ormlite.stmt.mapped.BaseMappedStatement insert arguments: [hash000000021-39, 1234567890123456789012345678901234567804, 5612345678901234567890123456789012345678, 77.77, 2022-11-09 11:00:00.0, ETH]
20230411 073857 FINE com.j256.ormlite.stmt.mapped.BaseMappedStatement insert data with statement 'INSERT INTO "TRANSACTIONS" ("hash" ,"from" ,"to" ,"amount" ,"when" ,"coin" ) VALUES (?,?,?,?,?,?)' and 6 args, changed 1 rows
20230411 073857 FINEST com.j256.ormlite.stmt.mapped.BaseMappedStatement insert arguments: [hash000000022-75, 1234567890123456789012345678901234567858, 1234567890123456789012345678901234567890, 1.01, 2022-11-08 11:00:00.0, STORJ]
[...]
20230411 073859 FINE com.j256.ormlite.stmt.mapped.BaseMappedStatement insert data with statement 'INSERT INTO "TRANSACTIONS" ("hash" ,"from" ,"to" ,"amount" ,"when" ,"coin" ) VALUES (?,?,?,?,?,?)' and 6 args, changed 1 rows
20230411 073859 FINEST com.j256.ormlite.stmt.mapped.BaseMappedStatement insert arguments: [hash000000020-74, 1234567890123456789012345678901234567801, 1234567890123456789012345678901234567890, 83.83, 2022-11-11 11:00:00.0, GLM]
20230411 073859 FINE com.j256.ormlite.stmt.mapped.BaseMappedStatement insert data with statement 'INSERT INTO "TRANSACTIONS" ("hash" ,"from" ,"to" ,"amount" ,"when" ,"coin" ) VALUES (?,?,?,?,?,?)' and 6 args, changed 1 rows
20230411 073859 FINEST com.j256.ormlite.stmt.mapped.BaseMappedStatement insert arguments: [hash000000021-23, 1234567890123456789012345678901234567856, 5212345678901234567890123456789012345678, 25.25, 2022-11-18 11:00:00.0, ETH]
20230411 073859 FINE com.j256.ormlite.stmt.mapped.BaseMappedStatement insert data with statement 'INSERT INTO "TRANSACTIONS" ("hash" ,"from" ,"to" ,"amount" ,"when" ,"coin" ) VALUES (?,?,?,?,?,?)' and 6 args, changed 1 rows
20230411 073859 FINEST com.j256.ormlite.stmt.mapped.BaseMappedStatement insert arguments: [hash000000022-05, 1234567890123456789012345678901234567810, 1234567890123456789012345678901234567890, 37.37, 2022-11-08 11:00:00.0, STORJ]
20230411 073859 FINE com.j256.ormlite.stmt.mapped.BaseMappedStatement insert data with statement 'INSERT INTO "TRANSACTIONS" ("hash" ,"from" ,"to" ,"amount" ,"when" ,"coin" ) VALUES (?,?,?,?,?,?)' and 6 args, changed 1 rows
20230411 073859 FINEST com.j256.ormlite.stmt.mapped.BaseMappedStatement insert arguments: [hash000000023-02, 1234567890123456789012345678901234567897, 2512345678901234567890123456789012345678, 70.70, 2022-11-08 11:00:00.0, GLM]
20230411 073859 FINE com.j256.ormlite.stmt.mapped.BaseMappedStatement insert data with statement 'INSERT INTO "TRANSACTIONS" ("hash" ,"from" ,"to" ,"amount" ,"when" ,"coin" ) VALUES (?,?,?,?,?,?)' and 6 args, changed 1 rows
20230411 073859 FINEST com.j256.ormlite.stmt.mapped.BaseMappedStatement insert arguments: [hash000000024-25, 1234567890123456789012345678901234567816, 1234567890123456789012345678901234567890, 43.43, 2022-11-05 11:00:00.0, ETH]
20230411 073859 FINE com.j256.ormlite.stmt.mapped.BaseMappedStatement insert data with statement 'INSERT INTO "TRANSACTIONS" ("hash" ,"from" ,"to" ,"amount" ,"when" ,"coin" ) VALUES (?,?,?,?,?,?)' and 6 args, changed 1 rows
20230411 073859 FINEST com.j256.ormlite.stmt.mapped.BaseMappedStatement insert arguments: [hash000000025-11, 1234567890123456789012345678901234567872, 3112345678901234567890123456789012345678, 58.58, 2022-11-08 11:00:00.0, STORJ]
20230411 073859 FINE com.j256.ormlite.stmt.mapped.BaseMappedStatement insert data with statement 'INSERT INTO "TRANSACTIONS" ("hash" ,"from" ,"to" ,"amount" ,"when" ,"coin" ) VALUES (?,?,?,?,?,?)' and 6 args, changed 1 rows
20230411 073859 FINEST com.j256.ormlite.stmt.mapped.BaseMappedStatement insert arguments: [hash000000026-11, 1234567890123456789012345678901234567897, 1234567890123456789012345678901234567890, 69.69, 2022-11-12 11:00:00.0, GLM]
20230411 073859 FINE com.j256.ormlite.stmt.mapped.BaseMappedStatement insert data with statement 'INSERT INTO "TRANSACTIONS" ("hash" ,"from" ,"to" ,"amount" ,"when" ,"coin" ) VALUES (?,?,?,?,?,?)' and 6 args, changed 1 rows
20230411 073859 FINEST com.j256.ormlite.stmt.mapped.BaseMappedStatement insert arguments: [hash000000027-04, 1234567890123456789012345678901234567818, 0212345678901234567890123456789012345678, 80.80, 2022-11-07 11:00:00.0, ETH]
20230411 073859 FINE com.j256.ormlite.stmt.mapped.BaseMappedStatement insert data with statement 'INSERT INTO "TRANSACTIONS" ("hash" ,"from" ,"to" ,"amount" ,"when" ,"coin" ) VALUES (?,?,?,?,?,?)' and 6 args, changed 1 rows
20230411 073859 FINEST com.j256.ormlite.stmt.mapped.BaseMappedStatement insert arguments: [hash000000028-20, 1234567890123456789012345678901234567889, 1234567890123456789012345678901234567890, 10.10, 2022-11-05 11:00:00.0, STORJ]
20230411 073859 FINE com.j256.ormlite.stmt.mapped.BaseMappedStatement insert data with statement 'INSERT INTO "TRANSACTIONS" ("hash" ,"from" ,"to" ,"amount" ,"when" ,"coin" ) VALUES (?,?,?,?,?,?)' and 6 args, changed 1 rows
20230411 073859 FINEST com.j256.ormlite.stmt.mapped.BaseMappedStatement insert arguments: [hash000000029-54, 1234567890123456789012345678901234567832, 4512345678901234567890123456789012345678, 73.73, 2022-11-14 11:00:00.0, GLM]
20230411 073859 FINE com.j256.ormlite.stmt.mapped.BaseMappedStatement insert data with statement 'INSERT INTO "TRANSACTIONS" ("hash" ,"from" ,"to" ,"amount" ,"when" ,"coin" ) VALUES (?,?,?,?,?,?)' and 6 args, changed 1 rows
20230411 073859 FINEST com.j256.ormlite.stmt.mapped.BaseMappedStatement insert arguments: [hash000000030-14, 1234567890123456789012345678901234567809, 1234567890123456789012345678901234567890, 1.01, 2022-11-11 11:00:00.0, ETH]
20230411 073859 FINE com.j256.ormlite.stmt.mapped.BaseMappedStatement insert data with statement 'INSERT INTO "TRANSACTIONS" ("hash" ,"from" ,"to" ,"amount" ,"when" ,"coin" ) VALUES (?,?,?,?,?,?)' and 6 args, changed 1 rows
20230411 073859 FINEST com.j256.ormlite.stmt.mapped.BaseMappedStatement insert arguments: [hash000000031-56, 1234567890123456789012345678901234567871, 8812345678901234567890123456789012345678, 19.19, 2022-11-03 11:00:00.0, STORJ]
20230411 073859 FINE com.j256.ormlite.stmt.mapped.BaseMappedStatement insert data with statement 'INSERT INTO "TRANSACTIONS" ("hash" ,"from" ,"to" ,"amount" ,"when" ,"coin" ) VALUES (?,?,?,?,?,?)' and 6 args, changed 1 rows
20230411 073859 FINEST com.j256.ormlite.stmt.mapped.BaseMappedStatement insert arguments: [hash000000032-58, 1234567890123456789012345678901234567813, 1234567890123456789012345678901234567890, 89.89, 2022-11-13 11:00:00.0, GLM]
20230411 073859 FINE com.j256.ormlite.stmt.mapped.BaseMappedStatement insert data with statement 'INSERT INTO "TRANSACTIONS" ("hash" ,"from" ,"to" ,"amount" ,"when" ,"coin" ) VALUES (?,?,?,?,?,?)' and 6 args, changed 1 rows
20230411 073859 FINEST com.j256.ormlite.stmt.mapped.BaseMappedStatement insert arguments: [hash000000033-61, 1234567890123456789012345678901234567858, 2112345678901234567890123456789012345678, 28.28, 2022-11-16 11:00:00.0, ETH]
20230411 073859 FINE com.j256.ormlite.stmt.mapped.BaseMappedStatement insert data with statement 'INSERT INTO "TRANSACTIONS" ("hash" ,"from" ,"to" ,"amount" ,"when" ,"coin" ) VALUES (?,?,?,?,?,?)' and 6 args, changed 1 rows
20230411 073859 FINEST com.j256.ormlite.stmt.mapped.BaseMappedStatement insert arguments: [hash000000034-55, 1234567890123456789012345678901234567848, 1234567890123456789012345678901234567890, 66.66, 2022-11-07 11:00:00.0, STORJ]
20230411 073859 FINE com.j256.ormlite.stmt.mapped.BaseMappedStatement insert data with statement 'INSERT INTO "TRANSACTIONS" ("hash" ,"from" ,"to" ,"amount" ,"when" ,"coin" ) VALUES (?,?,?,?,?,?)' and 6 args, changed 1 rows
20230411 073859 FINEST com.j256.ormlite.stmt.mapped.BaseMappedStatement insert arguments: [hash000000035-32, 1234567890123456789012345678901234567827, 8812345678901234567890123456789012345678, 10.10, 2022-11-07 11:00:00.0, GLM]
20230411 073859 FINE com.j256.ormlite.stmt.mapped.BaseMappedStatement insert data with statement 'INSERT INTO "TRANSACTIONS" ("hash" ,"from" ,"to" ,"amount" ,"when" ,"coin" ) VALUES (?,?,?,?,?,?)' and 6 args, changed 1 rows
20230411 073859 FINEST com.j256.ormlite.stmt.mapped.BaseMappedStatement insert arguments: [hash000000036-60, 1234567890123456789012345678901234567878, 1234567890123456789012345678901234567890, 51.51, 2022-11-02 11:00:00.0, ETH]
20230411 073859 FINE com.j256.ormlite.stmt.mapped.BaseMappedStatement insert data with statement 'INSERT INTO "TRANSACTIONS" ("hash" ,"from" ,"to" ,"amount" ,"when" ,"coin" ) VALUES (?,?,?,?,?,?)' and 6 args, changed 1 rows
20230411 073859 FINEST com.j256.ormlite.stmt.mapped.BaseMappedStatement insert arguments: [hash000000037-11, 1234567890123456789012345678901234567864, 6912345678901234567890123456789012345678, 85.85, 2022-11-01 11:00:00.0, STORJ]
20230411 073859 FINE com.j256.ormlite.stmt.mapped.BaseMappedStatement insert data with statement 'INSERT INTO "TRANSACTIONS" ("hash" ,"from" ,"to" ,"amount" ,"when" ,"coin" ) VALUES (?,?,?,?,?,?)' and 6 args, changed 1 rows
20230411 073859 FINEST com.j256.ormlite.stmt.mapped.BaseMappedStatement insert arguments: [hash000000038-68, 1234567890123456789012345678901234567859, 1234567890123456789012345678901234567890, 29.29, 2022-11-05 11:00:00.0, GLM]
20230411 073859 FINE com.j256.ormlite.stmt.mapped.BaseMappedStatement insert data with statement 'INSERT INTO "TRANSACTIONS" ("hash" ,"from" ,"to" ,"amount" ,"when" ,"coin" ) VALUES (?,?,?,?,?,?)' and 6 args, changed 1 rows
20230411 073859 FINEST com.j256.ormlite.stmt.mapped.BaseMappedStatement insert arguments: [hash000000039-41, 1234567890123456789012345678901234567886, 4012345678901234567890123456789012345678, 91.91, 2022-11-13 11:00:00.0, ETH]
20230411 073859 FINE com.j256.ormlite.stmt.mapped.BaseMappedStatement insert data with statement 'INSERT INTO "TRANSACTIONS" ("hash" ,"from" ,"to" ,"amount" ,"when" ,"coin" ) VALUES (?,?,?,?,?,?)' and 6 args, changed 1 rows
20230411 073859 FINEST com.j256.ormlite.stmt.mapped.BaseMappedStatement insert arguments: [hash000000040-09, 1234567890123456789012345678901234567845, 1234567890123456789012345678901234567890, 6.06, 2022-11-16 11:00:00.0, STORJ]
20230411 073859 FINE com.j256.ormlite.stmt.mapped.BaseMappedStatement insert data with statement 'INSERT INTO "TRANSACTIONS" ("hash" ,"from" ,"to" ,"amount" ,"when" ,"coin" ) VALUES (?,?,?,?,?,?)' and 6 args, changed 1 rows
20230411 073859 FINEST com.j256.ormlite.stmt.mapped.BaseMappedStatement insert arguments: [hash000000041-14, 1234567890123456789012345678901234567865, 7812345678901234567890123456789012345678, 84.84, 2022-11-07 11:00:00.0, GLM]
20230411 073859 FINE com.j256.ormlite.stmt.mapped.BaseMappedStatement insert data with statement 'INSERT INTO "TRANSACTIONS" ("hash" ,"from" ,"to" ,"amount" ,"when" ,"coin" ) VALUES (?,?,?,?,?,?)' and 6 args, changed 1 rows
20230411 073859 FINEST com.j256.ormlite.stmt.mapped.BaseMappedStatement insert arguments: [hash000000042-36, 1234567890123456789012345678901234567848, 1234567890123456789012345678901234567890, 22.22, 2022-11-12 11:00:00.0, ETH]
20230411 073859 FINE com.j256.ormlite.stmt.mapped.BaseMappedStatement insert data with statement 'INSERT INTO "TRANSACTIONS" ("hash" ,"from" ,"to" ,"amount" ,"when" ,"coin" ) VALUES (?,?,?,?,?,?)' and 6 args, changed 1 rows
20230411 073859 FINEST com.j256.ormlite.stmt.mapped.BaseMappedStatement insert arguments: [hash000000043-47, 1234567890123456789012345678901234567803, 1712345678901234567890123456789012345678, 74.74, 2022-11-16 11:00:00.0, STORJ]
20230411 073859 FINE com.j256.ormlite.stmt.mapped.BaseMappedStatement insert data with statement 'INSERT INTO "TRANSACTIONS" ("hash" ,"from" ,"to" ,"amount" ,"when" ,"coin" ) VALUES (?,?,?,?,?,?)' and 6 args, changed 1 rows
20230411 073859 FINEST com.j256.ormlite.stmt.mapped.BaseMappedStatement insert arguments: [hash000000044-34, 1234567890123456789012345678901234567851, 1234567890123456789012345678901234567890, 14.14, 2022-11-14 11:00:00.0, GLM]
20230411 073859 FINE com.j256.ormlite.stmt.mapped.BaseMappedStatement insert data with statement 'INSERT INTO "TRANSACTIONS" ("hash" ,"from" ,"to" ,"amount" ,"when" ,"coin" ) VALUES (?,?,?,?,?,?)' and 6 args, changed 1 rows
20230411 073859 FINEST com.j256.ormlite.stmt.mapped.BaseMappedStatement insert arguments: [hash000000045-42, 1234567890123456789012345678901234567874, 4912345678901234567890123456789012345678, 66.66, 2022-11-10 11:00:00.0, ETH]
20230411 073859 FINE com.j256.ormlite.stmt.mapped.BaseMappedStatement insert data with statement 'INSERT INTO "TRANSACTIONS" ("hash" ,"from" ,"to" ,"amount" ,"when" ,"coin" ) VALUES (?,?,?,?,?,?)' and 6 args, changed 1 rows
20230411 073859 FINEST com.j256.ormlite.stmt.mapped.BaseMappedStatement insert arguments: [hash000000046-48, 1234567890123456789012345678901234567808, 1234567890123456789012345678901234567890, 64.64, 2022-11-20 11:00:00.0, STORJ]
20230411 073859 FINE com.j256.ormlite.stmt.mapped.BaseMappedStatement insert data with statement 'INSERT INTO "TRANSACTIONS" ("hash" ,"from" ,"to" ,"amount" ,"when" ,"coin" ) VALUES (?,?,?,?,?,?)' and 6 args, changed 1 rows
20230411 073859 FINEST com.j256.ormlite.stmt.mapped.BaseMappedStatement insert arguments: [hash000000047-08, 1234567890123456789012345678901234567895, 2712345678901234567890123456789012345678, 2.02, 2022-11-03 11:00:00.0, GLM]
20230411 073859 FINE com.j256.ormlite.stmt.mapped.BaseMappedStatement insert data with statement 'INSERT INTO "TRANSACTIONS" ("hash" ,"from" ,"to" ,"amount" ,"when" ,"coin" ) VALUES (?,?,?,?,?,?)' and 6 args, changed 1 rows
20230411 073859 FINEST com.j256.ormlite.stmt.mapped.BaseMappedStatement insert arguments: [hash000000048-39, 1234567890123456789012345678901234567865, 1234567890123456789012345678901234567890, 56.56, 2022-11-18 11:00:00.0, ETH]
20230411 073859 FINE com.j256.ormlite.stmt.mapped.BaseMappedStatement insert data with statement 'INSERT INTO "TRANSACTIONS" ("hash" ,"from" ,"to" ,"amount" ,"when" ,"coin" ) VALUES (?,?,?,?,?,?)' and 6 args, changed 1 rows
20230411 073859 FINEST com.j256.ormlite.stmt.mapped.BaseMappedStatement insert arguments: [hash000000049-06, 1234567890123456789012345678901234567846, 9712345678901234567890123456789012345678, 38.38, 2022-11-07 11:00:00.0, STORJ]
20230411 073859 FINE com.j256.ormlite.stmt.mapped.BaseMappedStatement insert data with statement 'INSERT INTO "TRANSACTIONS" ("hash" ,"from" ,"to" ,"amount" ,"when" ,"coin" ) VALUES (?,?,?,?,?,?)' and 6 args, changed 1 rows
20230411 073859 FINEST com.j256.ormlite.stmt.mapped.BaseMappedStatement insert arguments: [hash000000050-30, 1234567890123456789012345678901234567854, 1234567890123456789012345678901234567890, 33.33, 2022-11-19 11:00:00.0, GLM]
20230411 073859 FINE com.j256.ormlite.stmt.mapped.BaseMappedStatement insert data with statement 'INSERT INTO "TRANSACTIONS" ("hash" ,"from" ,"to" ,"amount" ,"when" ,"coin" ) VALUES (?,?,?,?,?,?)' and 6 args, changed 1 rows
20230411 073859 FINEST com.j256.ormlite.stmt.mapped.BaseMappedStatement insert arguments: [hash000000051-58, 1234567890123456789012345678901234567820, 1912345678901234567890123456789012345678, 23.23, 2022-11-11 11:00:00.0, ETH]
20230411 073859 FINE com.j256.ormlite.stmt.mapped.BaseMappedStatement insert data with statement 'INSERT INTO "TRANSACTIONS" ("hash" ,"from" ,"to" ,"amount" ,"when" ,"coin" ) VALUES (?,?,?,?,?,?)' and 6 args, changed 1 rows
20230411 073859 FINEST com.j256.ormlite.stmt.mapped.BaseMappedStatement insert arguments: [hash000000052-43, 1234567890123456789012345678901234567889, 1234567890123456789012345678901234567890, 7.07, 2022-11-20 11:00:00.0, STORJ]
20230411 073859 FINE com.j256.ormlite.stmt.mapped.BaseMappedStatement insert data with statement 'INSERT INTO "TRANSACTIONS" ("hash" ,"from" ,"to" ,"amount" ,"when" ,"coin" ) VALUES (?,?,?,?,?,?)' and 6 args, changed 1 rows
20230411 073859 FINEST com.j256.ormlite.stmt.mapped.BaseMappedStatement insert arguments: [hash000000053-51, 1234567890123456789012345678901234567834, 2012345678901234567890123456789012345678, 11.11, 2022-11-14 11:00:00.0, GLM]
20230411 073859 FINE com.j256.ormlite.stmt.mapped.BaseMappedStatement insert data with statement 'INSERT INTO "TRANSACTIONS" ("hash" ,"from" ,"to" ,"amount" ,"when" ,"coin" ) VALUES (?,?,?,?,?,?)' and 6 args, changed 1 rows
20230411 073859 FINEST com.j256.ormlite.stmt.mapped.BaseMappedStatement insert arguments: [hash000000054-78, 1234567890123456789012345678901234567821, 1234567890123456789012345678901234567890, 50.50, 2022-11-10 11:00:00.0, ETH]
20230411 073859 FINE com.j256.ormlite.stmt.mapped.BaseMappedStatement insert data with statement 'INSERT INTO "TRANSACTIONS" ("hash" ,"from" ,"to" ,"amount" ,"when" ,"coin" ) VALUES (?,?,?,?,?,?)' and 6 args, changed 1 rows
20230411 073859 FINEST com.j256.ormlite.stmt.mapped.BaseMappedStatement insert arguments: [hash000000055-71, 1234567890123456789012345678901234567834, 4912345678901234567890123456789012345678, 6.06, 2022-11-19 11:00:00.0, STORJ]
20230411 073859 FINE com.j256.ormlite.stmt.mapped.BaseMappedStatement insert data with statement 'INSERT INTO "TRANSACTIONS" ("hash" ,"from" ,"to" ,"amount" ,"when" ,"coin" ) VALUES (?,?,?,?,?,?)' and 6 args, changed 1 rows
20230411 073859 FINEST com.j256.ormlite.stmt.mapped.BaseMappedStatement insert arguments: [hash000000056-54, 1234567890123456789012345678901234567873, 1234567890123456789012345678901234567890, 24.24, 2022-11-03 11:00:00.0, GLM]
20230411 073859 FINE com.j256.ormlite.stmt.mapped.BaseMappedStatement insert data with statement 'INSERT INTO "TRANSACTIONS" ("hash" ,"from" ,"to" ,"amount" ,"when" ,"coin" ) VALUES (?,?,?,?,?,?)' and 6 args, changed 1 rows
20230411 073859 FINEST com.j256.ormlite.stmt.mapped.BaseMappedStatement insert arguments: [hash000000057-01, 1234567890123456789012345678901234567834, 4612345678901234567890123456789012345678, 87.87, 2022-11-17 11:00:00.0, ETH]
20230411 073859 FINE com.j256.ormlite.stmt.mapped.BaseMappedStatement insert data with statement 'INSERT INTO "TRANSACTIONS" ("hash" ,"from" ,"to" ,"amount" ,"when" ,"coin" ) VALUES (?,?,?,?,?,?)' and 6 args, changed 1 rows
20230411 073859 FINEST com.j256.ormlite.stmt.mapped.BaseMappedStatement insert arguments: [hash000000058-47, 1234567890123456789012345678901234567875, 1234567890123456789012345678901234567890, 49.49, 2022-11-09 11:00:00.0, STORJ]
20230411 073859 FINE com.j256.ormlite.stmt.mapped.BaseMappedStatement insert data with statement 'INSERT INTO "TRANSACTIONS" ("hash" ,"from" ,"to" ,"amount" ,"when" ,"coin" ) VALUES (?,?,?,?,?,?)' and 6 args, changed 1 rows
20230411 073859 FINEST com.j256.ormlite.stmt.mapped.BaseMappedStatement insert arguments: [hash000000059-66, 1234567890123456789012345678901234567889, 2812345678901234567890123456789012345678, 79.79, 2022-11-01 11:00:00.0, GLM]
20230411 073859 FINE com.j256.ormlite.stmt.mapped.BaseMappedStatement insert data with statement 'INSERT INTO "TRANSACTIONS" ("hash" ,"from" ,"to" ,"amount" ,"when" ,"coin" ) VALUES (?,?,?,?,?,?)' and 6 args, changed 1 rows
20230411 073859 FINEST com.j256.ormlite.stmt.mapped.BaseMappedStatement insert arguments: [hash000000060-05, 1234567890123456789012345678901234567801, 1234567890123456789012345678901234567890, 42.42, 2022-11-10 11:00:00.0, ETH]
20230411 073859 FINE com.j256.ormlite.stmt.mapped.BaseMappedStatement insert data with statement 'INSERT INTO "TRANSACTIONS" ("hash" ,"from" ,"to" ,"amount" ,"when" ,"coin" ) VALUES (?,?,?,?,?,?)' and 6 args, changed 1 rows
20230411 073859 FINEST com.j256.ormlite.stmt.mapped.BaseMappedStatement insert arguments: [hash000000061-56, 1234567890123456789012345678901234567885, 2012345678901234567890123456789012345678, 79.79, 2022-11-03 11:00:00.0, STORJ]
20230411 073859 FINE com.j256.ormlite.stmt.mapped.BaseMappedStatement insert data with statement 'INSERT INTO "TRANSACTIONS" ("hash" ,"from" ,"to" ,"amount" ,"when" ,"coin" ) VALUES (?,?,?,?,?,?)' and 6 args, changed 1 rows
20230411 073859 FINEST com.j256.ormlite.stmt.mapped.BaseMappedStatement insert arguments: [hash000000062-70, 1234567890123456789012345678901234567895, 1234567890123456789012345678901234567890, 66.66, 2022-11-12 11:00:00.0, GLM]
20230411 073859 FINE com.j256.ormlite.stmt.mapped.BaseMappedStatement insert data with statement 'INSERT INTO "TRANSACTIONS" ("hash" ,"from" ,"to" ,"amount" ,"when" ,"coin" ) VALUES (?,?,?,?,?,?)' and 6 args, changed 1 rows
20230411 073859 FINEST com.j256.ormlite.stmt.mapped.BaseMappedStatement insert arguments: [hash000000063-43, 1234567890123456789012345678901234567853, 9212345678901234567890123456789012345678, 80.80, 2022-11-13 11:00:00.0, ETH]
]]></system-err>
  </testcase>
</testsuite>