<?xml version="1.0" encoding="UTF-8"?>
<testsuite xmlns:xsi="http://www.w3.org/2001/XMLSchema-instance" xsi:noNamespaceSchemaLocation="https://maven.apache.org/surefire/maven-surefire-plugin/xsd/surefire-test-report-3.0.xsd" version="3.0" name="ste.w3.easywallet.ui.filter.BigDecimalFilterTest" time="0.166" tests="3" errors="0" skipped="0" failures="0">
  <properties>
[...]
</properties>
  <testcase name="constructor" classname="ste.w3.easywallet.ui.filter.BigDecimalFilterTest" time="0.162"/>
  <testcase name="predicates" classname="ste.w3.easywallet.ui.filter.BigDecimalFilterTest" time="0.002"/>
  <testcase name="getValue" classname="ste.w3.easywallet.ui.filter.BigDecimalFilterTest" time="0.002"/>
</testsuite>